<?xml version="1.0" encoding="UTF-8"?>
<!-- Generated by org.testng.reporters.JUnitReportReporter -->
<testsuite hostname="DESKTOP-NLMSAMV" failures="0" tests="1" name="Factile_Mode_v3.DisplayExactCaseChecked" time="78.515" errors="0" timestamp="2023-04-21T15:45:02 IST" skipped="0">
  <testcase classname="Factile_Mode_v3.DisplayExactCaseChecked" name="Display_Exact_Case_When_checked_At_Global_Settings" time="78.515"/>
</testsuite> <!-- Factile_Mode_v3.DisplayExactCaseChecked -->
