<?xml version="1.0" encoding="UTF-8"?>
<!-- Generated by org.testng.reporters.JUnitReportReporter -->
<testsuite hostname="DESKTOP-6099FGM" failures="0" tests="1" name="TestCases_Execution.TestCase_6" time="52.598" errors="0" timestamp="24 Oct 2020 11:11:48 GMT" skipped="0">
  <testcase classname="TestCases_Execution.TestCase_6" name="VerifyJoinPin" time="52.598"/>
</testsuite> <!-- TestCases_Execution.TestCase_6 -->
