<?xml version="1.0" encoding="UTF-8"?>
<!-- Generated by org.testng.reporters.JUnitReportReporter -->
<testsuite hostname="DESKTOP-HKE6JL3" failures="0" tests="1" name="MultipleUsers.FiftyUsersJoin" time="122.665" errors="0" timestamp="2021-02-10T13:31:00 IST" skipped="0">
  <testcase classname="MultipleUsers.FiftyUsersJoin" name="Call" time="122.665"/>
</testsuite> <!-- MultipleUsers.FiftyUsersJoin -->
