<?xml version="1.0" encoding="UTF-8"?>
<!-- Generated by org.testng.reporters.JUnitReportReporter -->
<testsuite hostname="DESKTOP-HKE6JL3" failures="0" tests="1" name="Factile_Mode.DGBP_HSB_TestCase_29" time="561.543" errors="0" timestamp="2021-01-04T11:42:56 IST" skipped="0">
  <testcase classname="Factile_Mode.DGBP_HSB_TestCase_29" name="TC_29_Verify_Buzzer_For_Final_Factile_Question" time="561.543"/>
</testsuite> <!-- Factile_Mode.DGBP_HSB_TestCase_29 -->
