<?xml version="1.0" encoding="UTF-8"?>
<!-- Generated by org.testng.reporters.JUnitReportReporter -->
<testsuite hostname="DESKTOP-HKE6JL3" failures="0" tests="1" name="Factile_Mode_v3.PageNotFound_Links_at_HomePage" time="203.557" errors="0" timestamp="2021-05-20T11:23:04 IST" skipped="0">
  <testcase classname="Factile_Mode_v3.PageNotFound_Links_at_HomePage" name="PageNotFoundLinksAtHomePage" time="203.557"/>
</testsuite> <!-- Factile_Mode_v3.PageNotFound_Links_at_HomePage -->
