<?xml version="1.0" encoding="UTF-8"?>
<!-- Generated by org.testng.reporters.JUnitReportReporter -->
<testsuite hostname="DESKTOP-HKE6JL3" failures="0" tests="1" name="Factile_Mode.DGBP_HSB_TestCase_40" time="283.419" errors="0" timestamp="2021-04-15T15:27:20 IST" skipped="0">
  <testcase classname="Factile_Mode.DGBP_HSB_TestCase_40" name="TC_40_MultiTeamMemeber_PlayerSelctedTeamAssignmnet" time="283.419"/>
</testsuite> <!-- Factile_Mode.DGBP_HSB_TestCase_40 -->
