<?xml version="1.0" encoding="UTF-8"?>
<!-- Generated by org.testng.reporters.JUnitReportReporter -->
<testsuite hostname="DESKTOP-HKE6JL3" failures="0" tests="1" name="Factile_Mode_v3.HeaderMenuInPaidAccount" time="3.417" errors="0" timestamp="2021-05-14T17:11:56 IST" skipped="0">
  <testcase classname="Factile_Mode_v3.HeaderMenuInPaidAccount" name="Getting_Header_menu_From_FreeAccount" time="3.417"/>
</testsuite> <!-- Factile_Mode_v3.HeaderMenuInPaidAccount -->
