<?xml version="1.0" encoding="UTF-8"?>
<!-- Generated by org.testng.reporters.JUnitReportReporter -->
<testsuite hostname="DESKTOP-HKE6JL3" failures="0" tests="1" name="Factile_Mode.DGBP_HSB_TestCase_31" time="639.167" errors="0" timestamp="2021-01-08T12:04:44 IST" skipped="0">
  <testcase classname="Factile_Mode.DGBP_HSB_TestCase_31" name="TC_31_Enter_Final_Factile_Answer" time="639.167"/>
</testsuite> <!-- Factile_Mode.DGBP_HSB_TestCase_31 -->
