<?xml version="1.0" encoding="UTF-8"?>
<!-- Generated by org.testng.reporters.JUnitReportReporter -->
<testsuite hostname="DESKTOP-HKE6JL3" failures="0" tests="1" name="Factile_Mode.DGBP_HSB_TestCase_40" time="347.856" errors="0" timestamp="2021-02-12T18:36:43 IST" skipped="0">
  <testcase classname="Factile_Mode.DGBP_HSB_TestCase_40" name="TC_40_MultiTeamMemeber_PlayerSelctedTeamAssignmnet" time="347.856"/>
</testsuite> <!-- Factile_Mode.DGBP_HSB_TestCase_40 -->
