<?xml version="1.0" encoding="UTF-8"?>
<!-- Generated by org.testng.reporters.JUnitReportReporter -->
<testsuite hostname="DESKTOP-NLMSAMV" failures="0" tests="1" name="Factile_Mode_v3.DisplayExactCaseUnChecked" time="75.535" errors="0" timestamp="2023-04-20T14:26:49 IST" skipped="0">
  <testcase classname="Factile_Mode_v3.DisplayExactCaseUnChecked" name="Display_Exact_Case_When_UnChecked_At_Global_Settings" time="75.535"/>
</testsuite> <!-- Factile_Mode_v3.DisplayExactCaseUnChecked -->
