<?xml version="1.0" encoding="UTF-8"?>
<!-- Generated by org.testng.reporters.JUnitReportReporter -->
<testsuite hostname="DESKTOP-HKE6JL3" failures="0" tests="1" name="Factile_Mode_v3.GoProToSubscriptionHomeSchoolYearlyData_Verify" time="28.559" errors="0" timestamp="2021-08-23T15:04:45 IST" skipped="0">
  <testcase classname="Factile_Mode_v3.GoProToSubscriptionHomeSchoolYearlyData_Verify" name="GoProToHomeSchoolYearlySubscriptionAndNextComingDate" time="28.559"/>
</testsuite> <!-- Factile_Mode_v3.GoProToSubscriptionHomeSchoolYearlyData_Verify -->
