<?xml version="1.0" encoding="UTF-8"?>
<!-- Generated by org.testng.reporters.JUnitReportReporter -->
<testsuite hostname="DESKTOP-NLMSAMV" failures="0" tests="1" name="Factile_Mode_v3.Support_Form" time="15.895" errors="0" timestamp="2023-05-02T13:48:09 IST" skipped="0">
  <testcase classname="Factile_Mode_v3.Support_Form" name="Support_Form_Verify" time="15.895"/>
  <system-out/>
</testsuite> <!-- Factile_Mode_v3.Support_Form -->
