<?xml version="1.0" encoding="UTF-8"?>
<!-- Generated by org.testng.reporters.JUnitReportReporter -->
<testsuite skipped="0" hostname="DESKTOP-6099FGM" name="TestCases_Execution.TestCase_3" tests="1" failures="0" timestamp="22 Oct 2020 09:18:35 GMT" time="22.035" errors="0">
  <testcase name="CheckAccountInfo" time="22.035" classname="TestCases_Execution.TestCase_3"/>
</testsuite> <!-- TestCases_Execution.TestCase_3 -->
