<?xml version="1.0" encoding="UTF-8"?>
<!-- Generated by org.testng.reporters.JUnitReportReporter -->
<testsuite hostname="DESKTOP-HKE6JL3" failures="0" tests="1" name="Factile_Mode_v3.GoProToSubscription_Verify" time="17.266" errors="0" timestamp="2021-05-18T16:53:17 IST" skipped="0">
  <testcase classname="Factile_Mode_v3.GoProToSubscription_Verify" name="Subscription_Verify" time="17.266"/>
</testsuite> <!-- Factile_Mode_v3.GoProToSubscription_Verify -->
