<?xml version="1.0" encoding="UTF-8"?>
<!-- Generated by org.testng.reporters.JUnitReportReporter -->
<testsuite hostname="DESKTOP-HKE6JL3" failures="0" tests="1" name="Factile_Mode.DGBP_HSB_TestCase_32" time="379.468" errors="0" timestamp="2021-01-08T12:04:44 IST" skipped="0">
  <testcase classname="Factile_Mode.DGBP_HSB_TestCase_32" name="TC_32_Enter_Answer_After_Buzz" time="379.468"/>
</testsuite> <!-- Factile_Mode.DGBP_HSB_TestCase_32 -->
