<?xml version="1.0" encoding="UTF-8"?>
<!-- Generated by org.testng.reporters.JUnitReportReporter -->
<testsuite hostname="DESKTOP-HKE6JL3" failures="0" tests="1" name="Factile_Mode.DGBP_HSB_TestCase_3" time="217.352" errors="0" timestamp="2020-11-25T12:17:16 IST" skipped="0">
  <testcase classname="Factile_Mode.DGBP_HSB_TestCase_3" name="TC_3_Verify_Uploaded_BackgroundImage_at_Player_screen" time="217.352"/>
</testsuite> <!-- Factile_Mode.DGBP_HSB_TestCase_3 -->
