<?xml version="1.0" encoding="UTF-8"?>
<!-- Generated by org.testng.reporters.JUnitReportReporter -->
<testsuite hostname="DESKTOP-HKE6JL3" failures="0" tests="1" name="Factile_Mode.DGBP_HSB_TestCase_22" time="443.916" errors="0" timestamp="2020-12-04T13:01:29 IST" skipped="0">
  <testcase classname="Factile_Mode.DGBP_HSB_TestCase_22" name="TC_22_Verify_Skip_Final_Factile" time="443.916"/>
</testsuite> <!-- Factile_Mode.DGBP_HSB_TestCase_22 -->
