<?xml version="1.0" encoding="UTF-8"?>
<!-- Generated by org.testng.reporters.JUnitReportReporter -->
<testsuite hostname="DESKTOP-NLMSAMV" failures="0" tests="1" name="Factile_Mode_v3.ForgetPassword" time="36.540" errors="0" timestamp="2023-04-13T16:39:45 IST" skipped="0">
  <testcase classname="Factile_Mode_v3.ForgetPassword" name="Forget_Password" time="36.540"/>
</testsuite> <!-- Factile_Mode_v3.ForgetPassword -->
