<?xml version="1.0" encoding="UTF-8"?>
<!-- Generated by org.testng.reporters.JUnitReportReporter -->
<testsuite hostname="DESKTOP-NLMSAMV" failures="0" tests="1" name="Factile_Mode_v3.GoProToSubscriptionHomeSchoolYearlyData_Verify" time="53.600" errors="0" timestamp="2023-05-03T17:38:00 IST" skipped="0">
  <testcase classname="Factile_Mode_v3.GoProToSubscriptionHomeSchoolYearlyData_Verify" name="GoProToHomeSchoolYearlySubscriptionAndNextComingDate" time="53.600"/>
  <system-out/>
</testsuite> <!-- Factile_Mode_v3.GoProToSubscriptionHomeSchoolYearlyData_Verify -->
