<?xml version="1.0" encoding="UTF-8"?>
<!-- Generated by org.testng.reporters.JUnitReportReporter -->
<testsuite skipped="0" hostname="DESKTOP-6099FGM" name="TestCases_Execution.TestCase_4" tests="1" failures="0" timestamp="22 Oct 2020 09:18:35 GMT" time="38.556" errors="0">
  <testcase name="create_Game_Using_Excel_Upload" time="38.556" classname="TestCases_Execution.TestCase_4"/>
</testsuite> <!-- TestCases_Execution.TestCase_4 -->
