<?xml version="1.0" encoding="UTF-8"?>
<!-- Generated by org.testng.reporters.JUnitReportReporter -->
<testsuite hostname="DESKTOP-HKE6JL3" failures="0" tests="1" name="Factile_Mode.DGBP_HSB_TestCase_49" time="241.359" errors="0" timestamp="2021-04-06T12:57:53 IST" skipped="0">
  <testcase classname="Factile_Mode.DGBP_HSB_TestCase_49" name="TC_49_Verify_Final_factile_Answer_text_box_with_valid_characters" time="241.359"/>
</testsuite> <!-- Factile_Mode.DGBP_HSB_TestCase_49 -->
