<?xml version="1.0" encoding="UTF-8"?>
<!-- Generated by org.testng.reporters.JUnitReportReporter -->
<testsuite skipped="0" hostname="DESKTOP-6099FGM" name="TestCases_Execution.TestCase_2" tests="1" failures="0" timestamp="20 Oct 2020 06:11:48 GMT" time="14.132" errors="0">
  <testcase name="logIn" time="14.132" classname="TestCases_Execution.TestCase_2"/>
</testsuite> <!-- TestCases_Execution.TestCase_2 -->
