<?xml version="1.0" encoding="UTF-8"?>
<!-- Generated by org.testng.reporters.JUnitReportReporter -->
<testsuite hostname="DESKTOP-HKE6JL3" failures="0" tests="1" name="Factile_Mode.DGBP_HSB_TestCase_4" time="70.561" errors="0" timestamp="2020-11-13T09:41:58 IST" skipped="0">
  <testcase classname="Factile_Mode.DGBP_HSB_TestCase_4" name="TC_4_Verify_Show_Social_Media_on_Gameboard" time="70.561"/>
</testsuite> <!-- Factile_Mode.DGBP_HSB_TestCase_4 -->
