<?xml version="1.0" encoding="UTF-8"?>
<!-- Generated by org.testng.reporters.JUnitReportReporter -->
<testsuite hostname="DESKTOP-47CP8AH" failures="0" tests="1" name="Factile_Mode_v3.NoOfGameAllowedToCreate_IN_FreeAccount" time="102.859" errors="0" timestamp="2022-10-26T18:05:54 IST" skipped="0">
  <testcase classname="Factile_Mode_v3.NoOfGameAllowedToCreate_IN_FreeAccount" name="NoOfGamesCreationInFreeAccount_Verify" time="102.859"/>
</testsuite> <!-- Factile_Mode_v3.NoOfGameAllowedToCreate_IN_FreeAccount -->
