<?xml version="1.0" encoding="UTF-8"?>
<!-- Generated by org.testng.reporters.JUnitReportReporter -->
<testsuite hostname="DESKTOP-HKE6JL3" failures="0" tests="1" name="Factile_Mode.DGBP_HSB_TestCase_27" time="699.851" errors="0" timestamp="2021-04-05T12:26:17 IST" skipped="0">
  <testcase classname="Factile_Mode.DGBP_HSB_TestCase_27" name="TC_27_Users_Can_Join_Buzzer_Mode_after_Game_Begins_thorugh_Manage_Team" time="699.851"/>
</testsuite> <!-- Factile_Mode.DGBP_HSB_TestCase_27 -->
