<?xml version="1.0" encoding="UTF-8"?>
<!-- Generated by org.testng.reporters.JUnitReportReporter -->
<testsuite hostname="DESKTOP-NLMSAMV" failures="0" tests="2" name="Factile_Mode_v3.Sign_UP" time="25.656" errors="0" timestamp="2023-01-19T14:01:12 IST" skipped="0">
  <testcase classname="Factile_Mode_v3.Sign_UP" name="SignUP_Verify" time="14.927"/>
  <testcase classname="Factile_Mode_v3.Sign_UP" name="delete_Account" time="10.729"/>
</testsuite> <!-- Factile_Mode_v3.Sign_UP -->
