<?xml version="1.0" encoding="UTF-8"?>
<!-- Generated by org.testng.reporters.JUnitReportReporter -->
<testsuite hostname="DESKTOP-6099FGM" failures="0" tests="1" name="TestCases_Execution.TestCase_5" time="47.471" errors="0" timestamp="24 Oct 2020 11:11:48 GMT" skipped="0">
  <testcase classname="TestCases_Execution.TestCase_5" name="UploadMascotImageAtModearater" time="47.471"/>
</testsuite> <!-- TestCases_Execution.TestCase_5 -->
