<?xml version="1.0" encoding="UTF-8"?>
<!-- Generated by org.testng.reporters.JUnitReportReporter -->
<testsuite hostname="DESKTOP-HKE6JL3" failures="0" tests="2" name="Factile_Mode.DGBP_HSB_TestCase_39" time="336.832" errors="0" timestamp="2021-01-27T12:53:12 IST" skipped="0">
  <testcase classname="Factile_Mode.DGBP_HSB_TestCase_39" name="TC_39_Moderater_one" time="162.148"/>
  <testcase classname="Factile_Mode.DGBP_HSB_TestCase_39" name="TC_39_Moderater_two" time="174.684"/>
</testsuite> <!-- Factile_Mode.DGBP_HSB_TestCase_39 -->
