<?xml version="1.0" encoding="UTF-8"?>
<!-- Generated by org.testng.reporters.JUnitReportReporter -->
<testsuite hostname="DESKTOP-6099FGM" failures="0" tests="1" name="Play_Now.DGBP_HSB_TestCase_4" time="85.332" errors="0" timestamp="2020-11-03T16:02:52 IST" skipped="0">
  <testcase classname="Play_Now.DGBP_HSB_TestCase_4" name="Verify_Show_Social_Media_on_Gameboard" time="85.332"/>
</testsuite> <!-- Play_Now.DGBP_HSB_TestCase_4 -->
