<?xml version="1.0" encoding="UTF-8"?>
<!-- Generated by org.testng.reporters.JUnitReportReporter -->
<testsuite hostname="DESKTOP-HKE6JL3" failures="0" tests="1" name="Factile_Mode.DGBP_HSB_TestCase_42" time="300.718" errors="0" timestamp="2021-02-03T20:19:24 IST" skipped="0">
  <testcase classname="Factile_Mode.DGBP_HSB_TestCase_42" name="TC_42_Verify_wager_submission_full_amount_by_player" time="300.718"/>
</testsuite> <!-- Factile_Mode.DGBP_HSB_TestCase_42 -->
