<?xml version="1.0" encoding="UTF-8"?>
<!-- Generated by org.testng.reporters.JUnitReportReporter -->
<testsuite hostname="DESKTOP-HKE6JL3" failures="0" tests="1" name="Factile_Mode.DGBP_HSB_TestCase_13" time="70.039" errors="0" timestamp="2020-12-28T11:46:21 IST" skipped="0">
  <testcase classname="Factile_Mode.DGBP_HSB_TestCase_13" name="TC_13_Verify_Play_as_Jeopardy_Style" time="70.039"/>
</testsuite> <!-- Factile_Mode.DGBP_HSB_TestCase_13 -->
