<?xml version="1.0" encoding="UTF-8"?>
<!-- Generated by org.testng.reporters.JUnitReportReporter -->
<testsuite hostname="DESKTOP-NLMSAMV" failures="0" tests="2" name="Factile_Mode_v3.Sign_UP" time="33.754" errors="0" timestamp="2023-05-02T13:48:09 IST" skipped="0">
  <testcase classname="Factile_Mode_v3.Sign_UP" name="SignUP_Verify" time="23.065"/>
  <system-out/>
  <testcase classname="Factile_Mode_v3.Sign_UP" name="delete_Account" time="10.689"/>
  <system-out/>
</testsuite> <!-- Factile_Mode_v3.Sign_UP -->
