<?xml version="1.0" encoding="UTF-8"?>
<!-- Generated by org.testng.reporters.JUnitReportReporter -->
<testsuite hostname="DESKTOP-HKE6JL3" failures="0" tests="1" name="Factile_Mode.DGBP_HSB_TestCase_15" time="155.039" errors="0" timestamp="2020-12-28T11:27:49 IST" skipped="0">
  <testcase classname="Factile_Mode.DGBP_HSB_TestCase_15" name="TC_15_Verify_Game_Point_Symbol_$__Before" time="155.039"/>
</testsuite> <!-- Factile_Mode.DGBP_HSB_TestCase_15 -->
