<?xml version="1.0" encoding="UTF-8"?>
<!-- Generated by org.testng.reporters.JUnitReportReporter -->
<testsuite hostname="DESKTOP-47CP8AH" failures="0" tests="1" name="Factile_Mode_v3.ForgetPassword" time="44.648" errors="0" timestamp="2022-10-25T14:22:40 IST" skipped="0">
  <testcase classname="Factile_Mode_v3.ForgetPassword" name="Forget_Password" time="44.648"/>
</testsuite> <!-- Factile_Mode_v3.ForgetPassword -->
