<?xml version="1.0" encoding="UTF-8"?>
<!-- Generated by org.testng.reporters.JUnitReportReporter -->
<testsuite hostname="DESKTOP-HKE6JL3" failures="0" tests="1" name="Factile_Mode.DGBP_HSB_TestCase_27" time="566.293" errors="0" timestamp="2021-01-27T11:32:02 IST" skipped="0">
  <testcase classname="Factile_Mode.DGBP_HSB_TestCase_27" name="TC_27_Users_Can_Join_Buzzer_Mode_after_Game_Begins_thorugh_Manage_Team" time="566.293"/>
</testsuite> <!-- Factile_Mode.DGBP_HSB_TestCase_27 -->
