<?xml version="1.0" encoding="UTF-8"?>
<!-- Generated by org.testng.reporters.JUnitReportReporter -->
<testsuite hostname="DESKTOP-NLMSAMV" failures="0" tests="1" name="Factile_Mode_v3.Log_In" time="4.064" errors="0" timestamp="2023-04-20T17:18:11 IST" skipped="0">
  <testcase classname="Factile_Mode_v3.Log_In" name="Log_in" time="4.064"/>
</testsuite> <!-- Factile_Mode_v3.Log_In -->
