<?xml version="1.0" encoding="UTF-8"?>
<!-- Generated by org.testng.reporters.JUnitReportReporter -->
<testsuite hostname="DESKTOP-HKE6JL3" failures="0" tests="1" name="HundredUsers.joinsuser4to8" time="140.278" errors="0" timestamp="2021-01-27T16:06:55 IST" skipped="0">
  <testcase classname="HundredUsers.joinsuser4to8" name="Call" time="140.278"/>
</testsuite> <!-- HundredUsers.joinsuser4to8 -->
