<?xml version="1.0" encoding="UTF-8"?>
<!-- Generated by org.testng.reporters.JUnitReportReporter -->
<testsuite hostname="DESKTOP-HKE6JL3" failures="0" tests="1" name="Factile_Mode.DGBP_HSB_TestCase_41" time="843.802" errors="0" timestamp="2021-01-29T19:33:17 IST" skipped="0">
  <testcase classname="Factile_Mode.DGBP_HSB_TestCase_41" name="TC_41_MultiTeammember_RandomTeamAssignmnet" time="843.802"/>
</testsuite> <!-- Factile_Mode.DGBP_HSB_TestCase_41 -->
