<?xml version="1.0" encoding="UTF-8"?>
<!-- Generated by org.testng.reporters.JUnitReportReporter -->
<testsuite hostname="DESKTOP-HKE6JL3" failures="0" tests="1" name="Factile_Mode_v3.Support_Form" time="12.827" errors="0" timestamp="2021-08-23T13:34:17 IST" skipped="0">
  <testcase classname="Factile_Mode_v3.Support_Form" name="Support_Form_Verify" time="12.827"/>
</testsuite> <!-- Factile_Mode_v3.Support_Form -->
