<?xml version="1.0" encoding="UTF-8"?>
<!-- Generated by org.testng.reporters.JUnitReportReporter -->
<testsuite hostname="DESKTOP-NLMSAMV" failures="0" tests="1" name="Factile_Mode_v3.TutorMode" time="329.090" errors="0" timestamp="2023-05-19T15:56:50 IST" skipped="0">
  <testcase classname="Factile_Mode_v3.TutorMode" name="Tutor_Mode_checked_At_Global_Settings" time="329.090"/>
  <system-out/>
</testsuite> <!-- Factile_Mode_v3.TutorMode -->
