<?xml version="1.0" encoding="UTF-8"?>
<!-- Generated by org.testng.reporters.JUnitReportReporter -->
<testsuite hostname="DESKTOP-HKE6JL3" failures="0" tests="1" name="Factile_Mode.DGBP_HSB_TestCase_7" time="190.410" errors="0" timestamp="2020-12-08T11:27:45 IST" skipped="0">
  <testcase classname="Factile_Mode.DGBP_HSB_TestCase_7" name="TC_7_Verify_Exact_Case_When_checked_At_Global_Settings" time="190.410"/>
</testsuite> <!-- Factile_Mode.DGBP_HSB_TestCase_7 -->
