<?xml version="1.0" encoding="UTF-8"?>
<!-- Generated by org.testng.reporters.JUnitReportReporter -->
<testsuite hostname="DESKTOP-HKE6JL3" failures="0" tests="1" name="Factile_Mode_v3.GetAllURLs" time="0.734" errors="0" timestamp="2021-05-17T11:47:42 IST" skipped="0">
  <testcase classname="Factile_Mode_v3.GetAllURLs" name="Log_in" time="0.734"/>
</testsuite> <!-- Factile_Mode_v3.GetAllURLs -->
