<?xml version="1.0" encoding="UTF-8"?>
<!-- Generated by org.testng.reporters.JUnitReportReporter -->
<testsuite hostname="DESKTOP-NLMSAMV" failures="0" tests="1" name="Factile_Mode_v3.DoubleFactile" time="183.601" errors="0" timestamp="2023-04-20T16:26:22 IST" skipped="0">
  <testcase classname="Factile_Mode_v3.DoubleFactile" name="Double_Factile_checked_At_Global_Settings" time="183.601"/>
</testsuite> <!-- Factile_Mode_v3.DoubleFactile -->
