<?xml version="1.0" encoding="UTF-8"?>
<!-- Generated by org.testng.reporters.JUnitReportReporter -->
<testsuite hostname="DESKTOP-HKE6JL3" failures="0" tests="1" name="Factile_Mode.DGBP_HSB_TestCase_10" time="127.722" errors="0" timestamp="2020-11-13T09:41:58 IST" skipped="0">
  <testcase classname="Factile_Mode.DGBP_HSB_TestCase_10" name="TC_10_Verify_Display_Answer_Button_When_checked_At_Global_Settings" time="127.722"/>
</testsuite> <!-- Factile_Mode.DGBP_HSB_TestCase_10 -->
