<?xml version="1.0" encoding="UTF-8"?>
<!-- Generated by org.testng.reporters.JUnitReportReporter -->
<testsuite hostname="DESKTOP-HKE6JL3" failures="0" tests="1" name="Factile_Mode_v3.GoProToSubscriptionPlan_Verify" time="26.516" errors="0" timestamp="2021-05-19T17:21:13 IST" skipped="0">
  <testcase classname="Factile_Mode_v3.GoProToSubscriptionPlan_Verify" name="Subscription_Verify" time="26.516"/>
</testsuite> <!-- Factile_Mode_v3.GoProToSubscriptionPlan_Verify -->
