<?xml version="1.0" encoding="UTF-8"?>
<!-- Generated by org.testng.reporters.JUnitReportReporter -->
<testsuite hostname="DESKTOP-HKE6JL3" failures="0" tests="1" name="Factile_Mode.DGBP_HSB_TestCase_47" time="352.893" errors="0" timestamp="2021-02-03T19:32:49 IST" skipped="0">
  <testcase classname="Factile_Mode.DGBP_HSB_TestCase_47" name="TC_47_Verify_wager_submit_by_moderator_is_zero" time="352.893"/>
</testsuite> <!-- Factile_Mode.DGBP_HSB_TestCase_47 -->
