<?xml version="1.0" encoding="UTF-8"?>
<!-- Generated by org.testng.reporters.JUnitReportReporter -->
<testsuite hostname="DESKTOP-NLMSAMV" failures="0" tests="1" name="Factile_Mode_v3.PlayAsJeopardyStyle" time="77.464" errors="0" timestamp="2023-04-19T15:24:49 IST" skipped="0">
  <testcase classname="Factile_Mode_v3.PlayAsJeopardyStyle" name="PlayAsNumberedTiles_Instead_Of_JeopardyStyle_Unchecked_At_Global_Settings" time="77.464"/>
</testsuite> <!-- Factile_Mode_v3.PlayAsJeopardyStyle -->
