<?xml version="1.0" encoding="UTF-8"?>
<!-- Generated by org.testng.reporters.JUnitReportReporter -->
<testsuite hostname="DESKTOP-HKE6JL3" failures="0" tests="1" name="Factile_Mode.DGBP_HSB_TestCase_24" time="583.329" errors="0" timestamp="2020-12-18T10:32:43 IST" skipped="0">
  <testcase classname="Factile_Mode.DGBP_HSB_TestCase_24" name="TC_24_Allow_Multiple_Team_to_answer_When_checked" time="583.329"/>
</testsuite> <!-- Factile_Mode.DGBP_HSB_TestCase_24 -->
