<?xml version="1.0" encoding="UTF-8"?>
<!-- Generated by org.testng.reporters.JUnitReportReporter -->
<testsuite hostname="DESKTOP-NLMSAMV" failures="0" tests="1" name="Factile_Mode_v3.DisplayExactCaseUnChecked" time="66.823" errors="0" timestamp="2023-05-18T16:48:59 IST" skipped="0">
  <testcase classname="Factile_Mode_v3.DisplayExactCaseUnChecked" name="Display_Exact_Case_When_UnChecked_At_Global_Settings" time="66.823"/>
  <system-out/>
</testsuite> <!-- Factile_Mode_v3.DisplayExactCaseUnChecked -->
