<?xml version="1.0" encoding="UTF-8"?>
<!-- Generated by org.testng.reporters.JUnitReportReporter -->
<testsuite hostname="DESKTOP-HKE6JL3" failures="0" tests="1" name="Factile_Mode.DGBP_HSB_TestCase_38" time="226.617" errors="0" timestamp="2021-01-26T19:50:49 IST" skipped="0">
  <testcase classname="Factile_Mode.DGBP_HSB_TestCase_38" name="TC_38_Verify_Automatically_Mark_incorrect_answer_upon_timeout" time="226.617"/>
</testsuite> <!-- Factile_Mode.DGBP_HSB_TestCase_38 -->
