<?xml version="1.0" encoding="UTF-8"?>
<!-- Generated by org.testng.reporters.JUnitReportReporter -->
<testsuite hostname="DESKTOP-47CP8AH" failures="0" tests="1" name="Factile_Mode_v3.Sign_Out" time="16.454" errors="0" timestamp="2022-10-26T14:31:10 IST" skipped="0">
  <testcase classname="Factile_Mode_v3.Sign_Out" name="Sign_Out" time="16.454"/>
</testsuite> <!-- Factile_Mode_v3.Sign_Out -->
