<?xml version="1.0" encoding="UTF-8"?>
<!-- Generated by org.testng.reporters.JUnitReportReporter -->
<testsuite hostname="DESKTOP-HKE6JL3" failures="0" tests="1" name="Factile_Mode_v3.Test1" time="0.005" errors="0" timestamp="2021-05-19T10:54:27 IST" skipped="0">
  <testcase classname="Factile_Mode_v3.Test1" name="Log_in" time="0.005"/>
</testsuite> <!-- Factile_Mode_v3.Test1 -->
