<?xml version="1.0" encoding="UTF-8"?>
<!-- Generated by org.testng.reporters.JUnitReportReporter -->
<testsuite hostname="DESKTOP-47CP8AH" failures="0" tests="1" name="Factile_Mode_v3.HeaderMenuInFreeAccount" time="5.727" errors="0" timestamp="2022-10-26T13:32:30 IST" skipped="0">
  <testcase classname="Factile_Mode_v3.HeaderMenuInFreeAccount" name="Fetching_Header_menus_From_Paid_Account" time="5.727"/>
</testsuite> <!-- Factile_Mode_v3.HeaderMenuInFreeAccount -->
