<?xml version="1.0" encoding="UTF-8"?>
<!-- Generated by org.testng.reporters.JUnitReportReporter -->
<testsuite hostname="DESKTOP-HKE6JL3" failures="0" tests="1" name="Factile_Mode.DGBP_HSB_TestCase_44" time="251.361" errors="0" timestamp="2021-02-03T19:32:49 IST" skipped="0">
  <testcase classname="Factile_Mode.DGBP_HSB_TestCase_44" name="TC_44_Verify_wager_submission_Zerot_by_player" time="251.361"/>
</testsuite> <!-- Factile_Mode.DGBP_HSB_TestCase_44 -->
