<?xml version="1.0" encoding="UTF-8"?>
<!-- Generated by org.testng.reporters.JUnitReportReporter -->
<testsuite hostname="DESKTOP-HKE6JL3" failures="0" tests="2" name="Factile_Mode.DGBP_HSB_TestCase_39" time="347.153" errors="0" timestamp="2021-02-01T15:57:23 IST" skipped="0">
  <testcase classname="Factile_Mode.DGBP_HSB_TestCase_39" name="TC_39_Same_Game_playing_from_Moderater_one" time="166.807"/>
  <testcase classname="Factile_Mode.DGBP_HSB_TestCase_39" name="TC_39_Same_Game_playing_by_two__Moderater" time="180.346"/>
</testsuite> <!-- Factile_Mode.DGBP_HSB_TestCase_39 -->
