<?xml version="1.0" encoding="UTF-8"?>
<!-- Generated by org.testng.reporters.JUnitReportReporter -->
<testsuite hostname="DESKTOP-HKE6JL3" failures="0" tests="1" name="Factile_Mode.DGBP_HSB_TestCase_12" time="189.571" errors="0" timestamp="2020-12-07T15:24:54 IST" skipped="0">
  <testcase classname="Factile_Mode.DGBP_HSB_TestCase_12" name="TC_12_Verify_Turn_of_Tag_Name_when_checked_At_Global_Settings" time="189.571"/>
</testsuite> <!-- Factile_Mode.DGBP_HSB_TestCase_12 -->
