<?xml version="1.0" encoding="UTF-8"?>
<!-- Generated by org.testng.reporters.JUnitReportReporter -->
<testsuite hostname="DESKTOP-HKE6JL3" failures="0" tests="1" name="Factile_Mode.DGBP_HSB_TestCase_5" time="183.066" errors="0" timestamp="2020-12-07T15:24:54 IST" skipped="0">
  <testcase classname="Factile_Mode.DGBP_HSB_TestCase_5" name="TC_5_Verify_Hide_Social_Media_Link_on_Gameboard_at_ModeaterScreen" time="183.066"/>
</testsuite> <!-- Factile_Mode.DGBP_HSB_TestCase_5 -->
