<?xml version="1.0" encoding="UTF-8"?>
<!-- Generated by org.testng.reporters.JUnitReportReporter -->
<testsuite hostname="DESKTOP-HKE6JL3" failures="0" tests="1" name="Factile_Mode.DGBP_HSB_TestCase_6" time="69.563" errors="0" timestamp="2020-12-28T11:27:49 IST" skipped="0">
  <testcase classname="Factile_Mode.DGBP_HSB_TestCase_6" name="TC_6_Verify_Exact_Case_When_Unchecked_At_Global_Settings" time="69.563"/>
</testsuite> <!-- Factile_Mode.DGBP_HSB_TestCase_6 -->
