<?xml version="1.0" encoding="UTF-8"?>
<!-- Generated by org.testng.reporters.JUnitReportReporter -->
<testsuite hostname="DESKTOP-HKE6JL3" failures="0" tests="1" name="Factile_Mode_v3.changePassword" time="12.297" errors="0" timestamp="2021-05-14T17:11:56 IST" skipped="0">
  <testcase classname="Factile_Mode_v3.changePassword" name="ChangePassword" time="12.297"/>
</testsuite> <!-- Factile_Mode_v3.changePassword -->
