<?xml version="1.0" encoding="UTF-8"?>
<!-- Generated by org.testng.reporters.JUnitReportReporter -->
<testsuite hostname="DESKTOP-NLMSAMV" failures="0" tests="1" name="Factile_Mode_v3.Log_In" time="1.528" errors="0" timestamp="2023-04-11T14:35:54 IST" skipped="0">
  <testcase classname="Factile_Mode_v3.Log_In" name="Log_in" time="1.528"/>
</testsuite> <!-- Factile_Mode_v3.Log_In -->
