<?xml version="1.0" encoding="UTF-8"?>
<!-- Generated by org.testng.reporters.JUnitReportReporter -->
<testsuite hostname="DESKTOP-HKE6JL3" failures="0" tests="2" name="Factile_Mode.DGBP_HSB_TestCase_39" time="396.416" errors="0" timestamp="2021-04-14T15:18:38 IST" skipped="0">
  <testcase classname="Factile_Mode.DGBP_HSB_TestCase_39" name="TC_39_Same_Game_playing_by_second__Moderater" time="204.730"/>
  <testcase classname="Factile_Mode.DGBP_HSB_TestCase_39" name="TC_39_Same_Game_playing_from_first_Moderater" time="191.686"/>
</testsuite> <!-- Factile_Mode.DGBP_HSB_TestCase_39 -->
