<?xml version="1.0" encoding="UTF-8"?>
<!-- Generated by org.testng.reporters.JUnitReportReporter -->
<testsuite hostname="DESKTOP-HKE6JL3" failures="0" tests="1" name="Play_Now.DGBP_HSB_TestCase_4" time="66.430" errors="0" timestamp="2020-11-04T22:00:30 PST" skipped="0">
  <testcase classname="Play_Now.DGBP_HSB_TestCase_4" name="Verify_Show_Social_Media_on_Gameboard" time="66.430"/>
</testsuite> <!-- Play_Now.DGBP_HSB_TestCase_4 -->
