<?xml version="1.0" encoding="UTF-8"?>
<!-- Generated by org.testng.reporters.JUnitReportReporter -->
<testsuite hostname="DESKTOP-47CP8AH" failures="0" tests="1" name="Factile_Mode_v3.FreeAccount_NoOfGameAllowedToCreate" time="103.668" errors="0" timestamp="2022-10-21T12:29:48 IST" skipped="0">
  <testcase classname="Factile_Mode_v3.FreeAccount_NoOfGameAllowedToCreate" name="NoOfGamesCreationInFreeAccount_Verify" time="103.668"/>
</testsuite> <!-- Factile_Mode_v3.FreeAccount_NoOfGameAllowedToCreate -->
