<?xml version="1.0" encoding="UTF-8"?>
<!-- Generated by org.testng.reporters.JUnitReportReporter -->
<testsuite hostname="DESKTOP-HKE6JL3" failures="0" tests="1" name="Factile_Mode.DGBP_HSB_TestCase_20" time="137.037" errors="0" timestamp="2020-12-09T16:26:17 IST" skipped="0">
  <testcase classname="Factile_Mode.DGBP_HSB_TestCase_20" name="TC_20_Verify_Double_Double" time="137.037"/>
</testsuite> <!-- Factile_Mode.DGBP_HSB_TestCase_20 -->
