<?xml version="1.0" encoding="UTF-8"?>
<!-- Generated by org.testng.reporters.JUnitReportReporter -->
<testsuite hostname="DESKTOP-HKE6JL3" failures="0" tests="1" name="Factile_Mode.DGBP_HSB_TestCase_23" time="565.228" errors="0" timestamp="2020-12-30T14:19:31 IST" skipped="0">
  <testcase classname="Factile_Mode.DGBP_HSB_TestCase_23" name="TC_23_Verify_Show_Final_Factile_Category_Hint_at_Wager_Time" time="565.228"/>
</testsuite> <!-- Factile_Mode.DGBP_HSB_TestCase_23 -->
