<?xml version="1.0" encoding="UTF-8"?>
<!-- Generated by org.testng.reporters.JUnitReportReporter -->
<testsuite hostname="DESKTOP-HKE6JL3" failures="0" tests="1" name="Factile_Mode_v3.Broken_Links_at_HomePage" time="390.174" errors="0" timestamp="2021-05-17T16:32:00 IST" skipped="0">
  <testcase classname="Factile_Mode_v3.Broken_Links_at_HomePage" name="Broken_Link_at_HomePage" time="390.174"/>
</testsuite> <!-- Factile_Mode_v3.Broken_Links_at_HomePage -->
