<?xml version="1.0" encoding="UTF-8"?>
<!-- Generated by org.testng.reporters.JUnitReportReporter -->
<testsuite hostname="DESKTOP-HKE6JL3" failures="0" tests="1" name="Factile_Mode_v3.FreeAccount_NoOfGameCreation" time="83.035" errors="0" timestamp="2021-05-20T17:22:20 IST" skipped="0">
  <testcase classname="Factile_Mode_v3.FreeAccount_NoOfGameCreation" name="NoOfGamesCreationInFreeAccount_Verify" time="83.035"/>
</testsuite> <!-- Factile_Mode_v3.FreeAccount_NoOfGameCreation -->
