<?xml version="1.0" encoding="UTF-8"?>
<!-- Generated by org.testng.reporters.JUnitReportReporter -->
<testsuite hostname="DESKTOP-HKE6JL3" failures="0" tests="1" name="Factile_Mode.DGBP_HSB_TestCase_11" time="80.504" errors="0" timestamp="2020-11-26T15:31:36 IST" skipped="0">
  <testcase classname="Factile_Mode.DGBP_HSB_TestCase_11" name="TC_11_Verify_Display_Tag_Name_when_Unchecked_At_Global_Settings" time="80.504"/>
</testsuite> <!-- Factile_Mode.DGBP_HSB_TestCase_11 -->
