<?xml version="1.0" encoding="UTF-8"?>
<!-- Generated by org.testng.reporters.JUnitReportReporter -->
<testsuite hostname="DESKTOP-NLMSAMV" failures="0" tests="1" name="Factile_Mode_v3.ManuallyEnableAndDisableTheBuzzer" time="253.452" errors="0" timestamp="2023-05-18T16:48:59 IST" skipped="0">
  <testcase classname="Factile_Mode_v3.ManuallyEnableAndDisableTheBuzzer" name="Manually_EnableDisable_button_checked_At_Global_Settings" time="253.452"/>
  <system-out/>
</testsuite> <!-- Factile_Mode_v3.ManuallyEnableAndDisableTheBuzzer -->
