<?xml version="1.0" encoding="UTF-8"?>
<!-- Generated by org.testng.reporters.JUnitReportReporter -->
<testsuite skipped="0" hostname="DESKTOP-6099FGM" name="TestCases_Execution.TestCase_4" tests="1" failures="0" timestamp="19 Oct 2020 15:15:15 GMT" time="40.723" errors="0">
  <testcase name="create_Game" time="40.723" classname="TestCases_Execution.TestCase_4"/>
</testsuite> <!-- TestCases_Execution.TestCase_4 -->
