<?xml version="1.0" encoding="UTF-8"?>
<!-- Generated by org.testng.reporters.JUnitReportReporter -->
<testsuite hostname="DESKTOP-HKE6JL3" failures="0" tests="1" name="Factile_Mode.DGBP_HSB_TestCase_32" time="548.028" errors="0" timestamp="2021-01-04T20:17:34 IST" skipped="0">
  <testcase classname="Factile_Mode.DGBP_HSB_TestCase_32" name="TC_32_Enter_Answer_After_Buzz" time="548.028"/>
</testsuite> <!-- Factile_Mode.DGBP_HSB_TestCase_32 -->
