<?xml version="1.0" encoding="UTF-8"?>
<!-- Generated by org.testng.reporters.JUnitReportReporter -->
<testsuite hostname="DESKTOP-HKE6JL3" failures="0" tests="1" name="Factile_Mode.DGBP_HSB_TestCase_35" time="183.944" errors="0" timestamp="2021-01-11T14:57:35 IST" skipped="0">
  <testcase classname="Factile_Mode.DGBP_HSB_TestCase_35" name="TC_35_Maximum_Buzz_Ins_per_Try" time="183.944"/>
</testsuite> <!-- Factile_Mode.DGBP_HSB_TestCase_35 -->
