<?xml version="1.0" encoding="UTF-8"?>
<!-- Generated by org.testng.reporters.JUnitReportReporter -->
<testsuite hostname="DESKTOP-47CP8AH" failures="0" tests="1" name="Factile_Mode_v3.Log_In" time="5.009" errors="0" timestamp="2022-10-17T13:11:13 IST" skipped="0">
  <testcase classname="Factile_Mode_v3.Log_In" name="Log_in" time="5.009"/>
</testsuite> <!-- Factile_Mode_v3.Log_In -->
