<?xml version="1.0" encoding="UTF-8"?>
<!-- Generated by org.testng.reporters.JUnitReportReporter -->
<testsuite hostname="DESKTOP-HKE6JL3" failures="0" tests="1" name="Factile_Mode.DGBP_HSB_TestCase_51" time="246.278" errors="0" timestamp="2021-02-05T11:34:34 IST" skipped="0">
  <testcase classname="Factile_Mode.DGBP_HSB_TestCase_51" name="TC_49_Verify_Final_factile_Answer_text_box_with_specialcharacters" time="246.278"/>
</testsuite> <!-- Factile_Mode.DGBP_HSB_TestCase_51 -->
