<?xml version="1.0" encoding="UTF-8"?>
<!-- Generated by org.testng.reporters.JUnitReportReporter -->
<testsuite hostname="DESKTOP-HKE6JL3" failures="0" tests="2" name="Factile_Mode.DGBP_HSB_TestCase_39" time="430.394" errors="0" timestamp="2021-01-26T19:50:49 IST" skipped="0">
  <testcase classname="Factile_Mode.DGBP_HSB_TestCase_39" name="TC_39_Moderater_two" time="226.690"/>
  <testcase classname="Factile_Mode.DGBP_HSB_TestCase_39" name="TC_39_Moderater_one" time="203.704"/>
</testsuite> <!-- Factile_Mode.DGBP_HSB_TestCase_39 -->
