<?xml version="1.0" encoding="UTF-8"?>
<!-- Generated by org.testng.reporters.JUnitReportReporter -->
<testsuite hostname="DESKTOP-HKE6JL3" failures="0" tests="1" name="Factile_Mode.DGBP_HSB_TestCase_34" time="544.977" errors="0" timestamp="2021-01-18T11:27:02 IST" skipped="0">
  <testcase classname="Factile_Mode.DGBP_HSB_TestCase_34" name="TC_34_Maximum_Buzz_Ins_per_Try" time="544.977"/>
</testsuite> <!-- Factile_Mode.DGBP_HSB_TestCase_34 -->
