<?xml version="1.0" encoding="UTF-8"?>
<!-- Generated by org.testng.reporters.JUnitReportReporter -->
<testsuite hostname="DESKTOP-HKE6JL3" failures="0" tests="1" name="Factile_Mode_v3.totalHeaderMenuInFreeAccount" time="3.517" errors="0" timestamp="2021-05-13T18:26:23 IST" skipped="0">
  <testcase classname="Factile_Mode_v3.totalHeaderMenuInFreeAccount" name="Getting_Header_menu_From_Paid_Account" time="3.517"/>
</testsuite> <!-- Factile_Mode_v3.totalHeaderMenuInFreeAccount -->
