<?xml version="1.0" encoding="UTF-8"?>
<!-- Generated by org.testng.reporters.JUnitReportReporter -->
<testsuite hostname="DESKTOP-HKE6JL3" failures="0" tests="1" name="Factile_Mode.DGBP_HSB_TestCase_28" time="241.766" errors="0" timestamp="2021-02-09T15:25:01 IST" skipped="0">
  <testcase classname="Factile_Mode.DGBP_HSB_TestCase_28" name="TC_28_Users_Cannot_Join_Buzzer_Mode_after_Game_Begins_When_UNchecked" time="241.766"/>
</testsuite> <!-- Factile_Mode.DGBP_HSB_TestCase_28 -->
