<?xml version="1.0" encoding="UTF-8"?>
<!-- Generated by org.testng.reporters.JUnitReportReporter -->
<testsuite hostname="DESKTOP-NLMSAMV" failures="0" tests="1" name="Factile_Mode_v3.DisplayAnswerButtonChecked" time="81.380" errors="0" timestamp="2023-04-12T18:02:36 IST" skipped="0">
  <testcase classname="Factile_Mode_v3.DisplayAnswerButtonChecked" name="Display_Answer_Button_When_checked_At_Global_Settings" time="81.380"/>
</testsuite> <!-- Factile_Mode_v3.DisplayAnswerButtonChecked -->
