<?xml version="1.0" encoding="UTF-8"?>
<!-- Generated by org.testng.reporters.JUnitReportReporter -->
<testsuite hostname="DESKTOP-NLMSAMV" failures="0" tests="1" name="Factile_Mode_v3.DisplayQuestionOnGameBoardTileChecked" time="92.792" errors="0" timestamp="2023-05-02T13:48:08 IST" skipped="0">
  <testcase classname="Factile_Mode_v3.DisplayQuestionOnGameBoardTileChecked" name="Display_Question_On_GameBoardTie_When_checked_At_Global_Settings" time="92.792"/>
  <system-out/>
</testsuite> <!-- Factile_Mode_v3.DisplayQuestionOnGameBoardTileChecked -->
