<?xml version="1.0" encoding="UTF-8"?>
<!-- Generated by org.testng.reporters.JUnitReportReporter -->
<testsuite hostname="DESKTOP-HKE6JL3" failures="0" tests="1" name="MultipleUsers.FiftyUsersJoin" time="403.628" errors="0" timestamp="2021-01-21T19:40:22 IST" skipped="0">
  <testcase classname="MultipleUsers.FiftyUsersJoin" name="Call" time="403.628"/>
</testsuite> <!-- MultipleUsers.FiftyUsersJoin -->
