<?xml version="1.0" encoding="UTF-8"?>
<!-- Generated by org.testng.reporters.JUnitReportReporter -->
<testsuite hostname="DESKTOP-HKE6JL3" failures="0" tests="1" name="Factile_Mode.DGBP_HSB_TestCase_8" time="69.789" errors="0" timestamp="2020-11-27T23:09:01 IST" skipped="0">
  <testcase classname="Factile_Mode.DGBP_HSB_TestCase_8" name="TC_8_Verify_Hide_category_with_Points_When_Unchecked_At_Global_Settings" time="69.789"/>
</testsuite> <!-- Factile_Mode.DGBP_HSB_TestCase_8 -->
