<?xml version="1.0" encoding="UTF-8"?>
<!-- Generated by org.testng.reporters.JUnitReportReporter -->
<testsuite hostname="DESKTOP-HKE6JL3" failures="0" tests="1" name="Factile_Mode_v3.headerMenu_In_FreeAccount" time="3.649" errors="0" timestamp="2021-05-13T17:58:11 IST" skipped="0">
  <testcase classname="Factile_Mode_v3.headerMenu_In_FreeAccount" name="Getting_Header_menus_OfFreeAccount" time="3.649"/>
</testsuite> <!-- Factile_Mode_v3.headerMenu_In_FreeAccount -->
