<?xml version="1.0" encoding="UTF-8"?>
<!-- Generated by org.testng.reporters.JUnitReportReporter -->
<testsuite hostname="DESKTOP-NLMSAMV" failures="0" tests="1" name="Factile_Mode_v3.HideCategoryWithPoints" time="80.265" errors="0" timestamp="2023-04-06T13:33:29 IST" skipped="0">
  <testcase classname="Factile_Mode_v3.HideCategoryWithPoints" name="TC_9_Verify_Hide_category_with_Points_When_checked_At_Global_Settings" time="80.265"/>
</testsuite> <!-- Factile_Mode_v3.HideCategoryWithPoints -->
