<?xml version="1.0" encoding="UTF-8"?>
<!-- Generated by org.testng.reporters.JUnitReportReporter -->
<testsuite skipped="0" hostname="DESKTOP-6099FGM" name="TestCases_Execution.TestCase_1" tests="1" failures="0" timestamp="22 Oct 2020 09:18:35 GMT" time="0.726" errors="0">
  <testcase name="basePageNavigation" time="0.726" classname="TestCases_Execution.TestCase_1"/>
</testsuite> <!-- TestCases_Execution.TestCase_1 -->
