<?xml version="1.0" encoding="UTF-8"?>
<!-- Generated by org.testng.reporters.JUnitReportReporter -->
<testsuite hostname="DESKTOP-HKE6JL3" failures="0" tests="1" name="Factile_Mode.DGBP_HSB_TestCase_18" time="162.438" errors="0" timestamp="2020-11-27T14:13:22 IST" skipped="0">
  <testcase classname="Factile_Mode.DGBP_HSB_TestCase_18" name="TC_18_Verify_Game_Point_Symbol_â‚¬_Before" time="162.438"/>
</testsuite> <!-- Factile_Mode.DGBP_HSB_TestCase_18 -->
