<?xml version="1.0" encoding="UTF-8"?>
<!-- Generated by org.testng.reporters.JUnitReportReporter -->
<testsuite hostname="DESKTOP-HKE6JL3" failures="0" tests="1" name="Factile_Mode_v3.TwoFactorAuthentication" time="38.077" errors="0" timestamp="2021-11-25T14:29:00 IST" skipped="0">
  <testcase classname="Factile_Mode_v3.TwoFactorAuthentication" name="Two_Factor_Authentication" time="38.077"/>
</testsuite> <!-- Factile_Mode_v3.TwoFactorAuthentication -->
