<?xml version="1.0" encoding="UTF-8"?>
<!-- Generated by org.testng.reporters.JUnitReportReporter -->
<testsuite hostname="DESKTOP-HKE6JL3" failures="0" tests="1" name="Factile_Mode.DGBP_HSB_TestCase_41" time="1027.811" errors="0" timestamp="2021-02-04T13:27:13 IST" skipped="0">
  <testcase classname="Factile_Mode.DGBP_HSB_TestCase_41" name="TC_41_MultiTeammember_RandomTeamAssignmnet" time="1027.811"/>
</testsuite> <!-- Factile_Mode.DGBP_HSB_TestCase_41 -->
