<?xml version="1.0" encoding="UTF-8"?>
<!-- Generated by org.testng.reporters.JUnitReportReporter -->
<testsuite hostname="DESKTOP-HKE6JL3" failures="0" tests="1" name="Factile_Mode.DGBP_HSB_TestCase_17" time="159.848" errors="0" timestamp="2020-12-21T19:08:06 IST" skipped="0">
  <testcase classname="Factile_Mode.DGBP_HSB_TestCase_17" name="TC_17_Verify_Game_Point_Symbol_â‚¬_After" time="159.848"/>
</testsuite> <!-- Factile_Mode.DGBP_HSB_TestCase_17 -->
