<?xml version="1.0" encoding="UTF-8"?>
<!-- Generated by org.testng.reporters.JUnitReportReporter -->
<testsuite hostname="DESKTOP-HKE6JL3" failures="0" tests="2" name="Factile_Mode.DGBP_HSB_TestCase_39" time="385.127" errors="0" timestamp="2021-04-15T15:15:36 IST" skipped="0">
  <testcase classname="Factile_Mode.DGBP_HSB_TestCase_39" name="TC_39_Same_Game_playing_from_first_Moderater" time="186.458"/>
  <testcase classname="Factile_Mode.DGBP_HSB_TestCase_39" name="TC_39_Same_Game_playing_by_second__Moderater" time="198.669"/>
</testsuite> <!-- Factile_Mode.DGBP_HSB_TestCase_39 -->
