<?xml version="1.0" encoding="UTF-8"?>
<!-- Generated by org.testng.reporters.JUnitReportReporter -->
<testsuite hostname="DESKTOP-47CP8AH" failures="0" tests="1" name="Factile_Mode_v3.GoProToSubscriptionHomeSchoolMonthlyData_Verify" time="50.994" errors="0" timestamp="2022-10-20T20:13:29 IST" skipped="0">
  <testcase classname="Factile_Mode_v3.GoProToSubscriptionHomeSchoolMonthlyData_Verify" name="GoProToHomeSchoolMonthlySubscriptionAndNextComingDate" time="50.994"/>
</testsuite> <!-- Factile_Mode_v3.GoProToSubscriptionHomeSchoolMonthlyData_Verify -->
