<?xml version="1.0" encoding="UTF-8"?>
<!-- Generated by org.testng.reporters.JUnitReportReporter -->
<testsuite hostname="DESKTOP-HKE6JL3" failures="0" tests="1" name="Factile_Mode.DGBP_HSB_TestCase_46" time="242.985" errors="0" timestamp="2021-04-06T12:57:53 IST" skipped="0">
  <testcase classname="Factile_Mode.DGBP_HSB_TestCase_46" name="TC_46_Verify_wager_submit_by_moderator_is_full_amount" time="242.985"/>
</testsuite> <!-- Factile_Mode.DGBP_HSB_TestCase_46 -->
