<?xml version="1.0" encoding="UTF-8"?>
<!-- Generated by org.testng.reporters.JUnitReportReporter -->
<testsuite hostname="DESKTOP-HKE6JL3" failures="0" tests="1" name="Factile_Mode.DGBP_B_TestCase_2" time="142.214" errors="0" timestamp="2020-11-26T22:55:00 IST" skipped="0">
  <testcase classname="Factile_Mode.DGBP_B_TestCase_2" name="TC_2_Verify_Uploaded_Mascot_at_Player_screen" time="142.214"/>
</testsuite> <!-- Factile_Mode.DGBP_B_TestCase_2 -->
