<?xml version="1.0" encoding="UTF-8"?>
<!-- Generated by org.testng.reporters.JUnitReportReporter -->
<testsuite hostname="DESKTOP-HKE6JL3" failures="0" tests="1" name="Factile_Mode.DGBM_B_TestCase_21" time="155.334" errors="0" timestamp="2020-11-30T12:31:13 IST" skipped="0">
  <testcase classname="Factile_Mode.DGBM_B_TestCase_21" name="TC_1_Verify_Uploaded_Logo_at_Moderater_Gameboard_screen" time="155.334"/>
</testsuite> <!-- Factile_Mode.DGBM_B_TestCase_21 -->
