<?xml version="1.0" encoding="UTF-8"?>
<!-- Generated by org.testng.reporters.JUnitReportReporter -->
<testsuite hostname="DESKTOP-NLMSAMV" failures="0" tests="1" name="Factile_Mode_v3.DisplayExactCaseUnChecked" time="80.849" errors="0" timestamp="2023-04-13T12:31:06 IST" skipped="0">
  <testcase classname="Factile_Mode_v3.DisplayExactCaseUnChecked" name="Display_Exact_Case_When_UnChecked_At_Global_Settings" time="80.849"/>
</testsuite> <!-- Factile_Mode_v3.DisplayExactCaseUnChecked -->
