<?xml version="1.0" encoding="UTF-8"?>
<!-- Generated by org.testng.reporters.JUnitReportReporter -->
<testsuite hostname="DESKTOP-HKE6JL3" failures="0" tests="1" name="Factile_Mode.DGBP_HSB_TestCase_43" time="225.479" errors="0" timestamp="2021-04-06T12:57:53 IST" skipped="0">
  <testcase classname="Factile_Mode.DGBP_HSB_TestCase_43" name="TC_43_Verify_wager_submission_Half_amount_by_player" time="225.479"/>
</testsuite> <!-- Factile_Mode.DGBP_HSB_TestCase_43 -->
