<?xml version="1.0" encoding="UTF-8"?>
<!-- Generated by org.testng.reporters.JUnitReportReporter -->
<testsuite hostname="DESKTOP-HKE6JL3" failures="0" tests="1" name="Factile_Mode.DGBP_HSB_TestCase_14" time="61.428" errors="0" timestamp="2021-01-11T10:19:24 IST" skipped="0">
  <testcase classname="Factile_Mode.DGBP_HSB_TestCase_14" name="TC_14_Verify_Play_as_Numbered_Tile_instead_of_Jeopardy_Style" time="61.428"/>
</testsuite> <!-- Factile_Mode.DGBP_HSB_TestCase_14 -->
