<?xml version="1.0" encoding="UTF-8"?>
<!-- Generated by org.testng.reporters.JUnitReportReporter -->
<testsuite hostname="DESKTOP-HKE6JL3" failures="0" tests="1" name="Factile_Mode.DGBP_HSB_TestCase_36" time="495.680" errors="0" timestamp="2021-01-13T22:15:34 IST" skipped="0">
  <testcase classname="Factile_Mode.DGBP_HSB_TestCase_36" name="TC_36_Verify_Reading_Timer" time="495.680"/>
</testsuite> <!-- Factile_Mode.DGBP_HSB_TestCase_36 -->
