<?xml version="1.0" encoding="UTF-8"?>
<!-- Generated by org.testng.reporters.JUnitReportReporter -->
<testsuite hostname="DESKTOP-HKE6JL3" failures="0" tests="1" name="Factile_Mode.DGBP_HSB_TestCase_39" time="124.686" errors="0" timestamp="2021-01-15T17:43:33 IST" skipped="0">
  <testcase classname="Factile_Mode.DGBP_HSB_TestCase_39" name="TC_38_Verify_Automatically_Mark_incorrect_answer_upon_timeout" time="124.686"/>
</testsuite> <!-- Factile_Mode.DGBP_HSB_TestCase_39 -->
