<?xml version="1.0" encoding="UTF-8"?>
<!-- Generated by org.testng.reporters.JUnitReportReporter -->
<testsuite hostname="DESKTOP-HKE6JL3" failures="0" tests="1" name="Factile_Mode_v3.FreeAccount_NoOfGameAllowedToCreate" time="94.501" errors="0" timestamp="2021-07-14T16:28:24 IST" skipped="0">
  <testcase classname="Factile_Mode_v3.FreeAccount_NoOfGameAllowedToCreate" name="NoOfGamesCreationInFreeAccount_Verify" time="94.501"/>
</testsuite> <!-- Factile_Mode_v3.FreeAccount_NoOfGameAllowedToCreate -->
