<?xml version="1.0" encoding="UTF-8"?>
<!-- Generated by org.testng.reporters.JUnitReportReporter -->
<testsuite hostname="DESKTOP-NLMSAMV" failures="0" tests="2" name="Factile_Mode_v3.Sign_UP" time="29.143" errors="0" timestamp="2023-05-18T16:48:59 IST" skipped="0">
  <testcase classname="Factile_Mode_v3.Sign_UP" name="SignUP_Verify" time="18.858"/>
  <system-out/>
  <testcase classname="Factile_Mode_v3.Sign_UP" name="delete_Account" time="10.285"/>
  <system-out/>
</testsuite> <!-- Factile_Mode_v3.Sign_UP -->
