<?xml version="1.0" encoding="UTF-8"?>
<!-- Generated by org.testng.reporters.JUnitReportReporter -->
<testsuite hostname="DESKTOP-HKE6JL3" failures="0" tests="1" name="Factile_Mode_v3.GoProToSubscriptionBussinessMonthlyData_Verify" time="26.876" errors="0" timestamp="2021-08-23T13:40:08 IST" skipped="0">
  <testcase classname="Factile_Mode_v3.GoProToSubscriptionBussinessMonthlyData_Verify" name="GoProTBussinessMonthlySubscriptionAndNextComingDate" time="26.876"/>
</testsuite> <!-- Factile_Mode_v3.GoProToSubscriptionBussinessMonthlyData_Verify -->
