<?xml version="1.0" encoding="UTF-8"?>
<!-- Generated by org.testng.reporters.JUnitReportReporter -->
<testsuite hostname="DESKTOP-NLMSAMV" failures="0" tests="1" name="Factile_Mode_v3.SkipAndSeeAnswer" time="73.260" errors="0" timestamp="2023-05-18T16:57:33 IST" skipped="0">
  <testcase classname="Factile_Mode_v3.SkipAndSeeAnswer" name="Verify_Skip_And_See_Answer" time="73.260"/>
  <system-out/>
</testsuite> <!-- Factile_Mode_v3.SkipAndSeeAnswer -->
