<?xml version="1.0" encoding="UTF-8"?>
<!-- Generated by org.testng.reporters.JUnitReportReporter -->
<testsuite hostname="DESKTOP-HKE6JL3" failures="0" tests="1" name="Factile_Mode_v3.GoProToSubscriptionHomeSchoolMonthlyData_Verify" time="30.284" errors="0" timestamp="2021-11-25T15:05:02 IST" skipped="0">
  <testcase classname="Factile_Mode_v3.GoProToSubscriptionHomeSchoolMonthlyData_Verify" name="GoProToHomeSchoolMonthlySubscriptionAndNextComingDate" time="30.284"/>
</testsuite> <!-- Factile_Mode_v3.GoProToSubscriptionHomeSchoolMonthlyData_Verify -->
