<?xml version="1.0" encoding="UTF-8"?>
<!-- Generated by org.testng.reporters.JUnitReportReporter -->
<testsuite hostname="DESKTOP-HKE6JL3" failures="0" tests="1" name="Factile_Mode.DGBP_HSB_TestCase_14" time="130.790" errors="0" timestamp="2020-12-08T13:24:26 IST" skipped="0">
  <testcase classname="Factile_Mode.DGBP_HSB_TestCase_14" name="TC_14_Verify_Play_as_Numbered_Tile_instead_of_Jeopardy_Style" time="130.790"/>
</testsuite> <!-- Factile_Mode.DGBP_HSB_TestCase_14 -->
