<?xml version="1.0" encoding="UTF-8"?>
<!-- Generated by org.testng.reporters.JUnitReportReporter -->
<testsuite hostname="DESKTOP-HKE6JL3" failures="0" tests="1" name="Factile_Mode.DGBP_HSB_TestCase_33" time="186.738" errors="0" timestamp="2021-01-08T12:51:11 IST" skipped="0">
  <testcase classname="Factile_Mode.DGBP_HSB_TestCase_33" name="TC_33_Stop_Timer_on_BuzzIn_of_1_to_100" time="186.738"/>
</testsuite> <!-- Factile_Mode.DGBP_HSB_TestCase_33 -->
