<?xml version="1.0" encoding="UTF-8"?>
<!-- Generated by org.testng.reporters.JUnitReportReporter -->
<testsuite hostname="DESKTOP-HKE6JL3" failures="0" tests="1" name="Factile_Mode.DGBP_HSB_TestCase_28" time="602.058" errors="0" timestamp="2020-12-24T15:14:05 IST" skipped="0">
  <testcase classname="Factile_Mode.DGBP_HSB_TestCase_28" name="TC_28_Users_Can_Join_Buzzer_Mode_after_Game_Begins_When_UNchecked" time="602.058"/>
</testsuite> <!-- Factile_Mode.DGBP_HSB_TestCase_28 -->
