<?xml version="1.0" encoding="UTF-8"?>
<!-- Generated by org.testng.reporters.JUnitReportReporter -->
<testsuite hostname="DESKTOP-HKE6JL3" failures="0" tests="1" name="Factile_Mode.DGBP_HSB_TestCase_5" time="131.600" errors="0" timestamp="2020-11-13T17:27:51 IST" skipped="0">
  <testcase classname="Factile_Mode.DGBP_HSB_TestCase_5" name="TC_5_Verify_Hide_Social_Media_Link_on_Gameboard_at_ModeaterScreen" time="131.600"/>
</testsuite> <!-- Factile_Mode.DGBP_HSB_TestCase_5 -->
