<?xml version="1.0" encoding="UTF-8"?>
<!-- Generated by org.testng.reporters.JUnitReportReporter -->
<testsuite hostname="DESKTOP-HKE6JL3" failures="0" tests="1" name="Factile_Mode.DGBP_HSB_TestCase_15" time="161.681" errors="0" timestamp="2020-11-26T22:55:00 IST" skipped="0">
  <testcase classname="Factile_Mode.DGBP_HSB_TestCase_15" name="TC_15_Verify_Game_Point_Symbol_$__Before" time="161.681"/>
</testsuite> <!-- Factile_Mode.DGBP_HSB_TestCase_15 -->
