<?xml version="1.0" encoding="UTF-8"?>
<!-- Generated by org.testng.reporters.JUnitReportReporter -->
<testsuite hostname="DESKTOP-NLMSAMV" failures="0" tests="1" name="Factile_Mode_v3.CustomNotification" time="88.100" errors="0" timestamp="2023-04-13T18:43:54 IST" skipped="0">
  <testcase classname="Factile_Mode_v3.CustomNotification" name="Display_Answer_Button_When_checked_At_Global_Settings" time="88.100"/>
</testsuite> <!-- Factile_Mode_v3.CustomNotification -->
