<?xml version="1.0" encoding="UTF-8"?>
<!-- Generated by org.testng.reporters.JUnitReportReporter -->
<testsuite hostname="DESKTOP-NLMSAMV" failures="0" tests="1" name="Factile_Mode_v3.HideCategoryWithPointsChecked" time="64.599" errors="0" timestamp="2023-04-11T12:04:06 IST" skipped="0">
  <testcase classname="Factile_Mode_v3.HideCategoryWithPointsChecked" name="Hide_category_with_Points_When_checked_At_Global_Settings" time="64.599"/>
</testsuite> <!-- Factile_Mode_v3.HideCategoryWithPointsChecked -->
