<?xml version="1.0" encoding="UTF-8"?>
<!-- Generated by org.testng.reporters.JUnitReportReporter -->
<testsuite hostname="DESKTOP-NLMSAMV" failures="0" tests="1" name="Factile_Mode_v3.NoOfGameAllowedToCreate_IN_FreeAccount" time="99.338" errors="0" timestamp="2023-01-19T14:01:12 IST" skipped="0">
  <testcase classname="Factile_Mode_v3.NoOfGameAllowedToCreate_IN_FreeAccount" name="NoOfGamesCreationInFreeAccount_Verify" time="99.338"/>
</testsuite> <!-- Factile_Mode_v3.NoOfGameAllowedToCreate_IN_FreeAccount -->
