<?xml version="1.0" encoding="UTF-8"?>
<!-- Generated by org.testng.reporters.JUnitReportReporter -->
<testsuite hostname="DESKTOP-HKE6JL3" failures="0" tests="1" name="Factile_Mode.DGBP_HSB_TestCase_35" time="214.122" errors="0" timestamp="2021-01-13T16:32:25 IST" skipped="0">
  <testcase classname="Factile_Mode.DGBP_HSB_TestCase_35" name="TC_35_Verify_Customize_Timer_Countdown_Time" time="214.122"/>
</testsuite> <!-- Factile_Mode.DGBP_HSB_TestCase_35 -->
