<?xml version="1.0" encoding="UTF-8"?>
<!-- Generated by org.testng.reporters.JUnitReportReporter -->
<testsuite hostname="DESKTOP-HKE6JL3" failures="0" tests="1" name="Factile_Mode.DGBP_HSB_TestCase_19" time="645.525" errors="0" timestamp="2020-12-09T14:25:54 IST" skipped="0">
  <testcase classname="Factile_Mode.DGBP_HSB_TestCase_19" name="TC_19_Verify_Double_Factile" time="645.525"/>
</testsuite> <!-- Factile_Mode.DGBP_HSB_TestCase_19 -->
