<?xml version="1.0" encoding="UTF-8"?>
<!-- Generated by org.testng.reporters.JUnitReportReporter -->
<testsuite hostname="DESKTOP-HKE6JL3" failures="0" tests="1" name="Factile_Mode.DGBP_HSB_TestCase_27" time="601.987" errors="0" timestamp="2020-12-23T15:11:24 IST" skipped="0">
  <testcase classname="Factile_Mode.DGBP_HSB_TestCase_27" name="TC_27_Users_Can_Join_Buzzer_Mode_after_Game_Begins_When_checked" time="601.987"/>
</testsuite> <!-- Factile_Mode.DGBP_HSB_TestCase_27 -->
