<?xml version="1.0" encoding="UTF-8"?>
<!-- Generated by org.testng.reporters.JUnitReportReporter -->
<testsuite hostname="DESKTOP-47CP8AH" failures="0" tests="1" name="Factile_Mode_v3.GoProToSubscriptionBussinessYearlyData_Verify" time="53.775" errors="0" timestamp="2022-10-20T21:01:39 IST" skipped="0">
  <testcase classname="Factile_Mode_v3.GoProToSubscriptionBussinessYearlyData_Verify" name="GoProToBussinessYearlySubscriptionAndNextComingDate" time="53.775"/>
</testsuite> <!-- Factile_Mode_v3.GoProToSubscriptionBussinessYearlyData_Verify -->
