<?xml version="1.0" encoding="UTF-8"?>
<!-- Generated by org.testng.reporters.JUnitReportReporter -->
<testsuite hostname="DESKTOP-HKE6JL3" failures="0" tests="1" name="Factile_Mode.DGBP_HSB_TestCase_25" time="239.352" errors="0" timestamp="2021-01-27T12:33:22 IST" skipped="0">
  <testcase classname="Factile_Mode.DGBP_HSB_TestCase_25" name="TC_25_Allow_Multiple_Team_to_answer_When_Unchecked" time="239.352"/>
</testsuite> <!-- Factile_Mode.DGBP_HSB_TestCase_25 -->
