<?xml version="1.0" encoding="UTF-8"?>
<!-- Generated by org.testng.reporters.JUnitReportReporter -->
<testsuite hostname="DESKTOP-HKE6JL3" failures="0" tests="1" name="Factile_Mode.DGBP_HSB_TestCase_30" time="595.134" errors="0" timestamp="2020-12-31T11:30:30 IST" skipped="0">
  <testcase classname="Factile_Mode.DGBP_HSB_TestCase_30" name="TC_30_Verify_When_Buzzer_For_Final_Factile_Off_From_Customization" time="595.134"/>
</testsuite> <!-- Factile_Mode.DGBP_HSB_TestCase_30 -->
