<?xml version="1.0" encoding="UTF-8"?>
<!-- Generated by org.testng.reporters.JUnitReportReporter -->
<testsuite hostname="DESKTOP-NLMSAMV" failures="0" tests="1" name="Factile_Mode_v3.ChangePassword" time="12.454" errors="0" timestamp="2023-04-11T13:38:48 IST" skipped="0">
  <testcase classname="Factile_Mode_v3.ChangePassword" name="ChangePassword" time="12.454"/>
</testsuite> <!-- Factile_Mode_v3.ChangePassword -->
