<?xml version="1.0" encoding="UTF-8"?>
<!-- Generated by org.testng.reporters.JUnitReportReporter -->
<testsuite hostname="DESKTOP-HKE6JL3" failures="0" tests="1" name="Factile_Mode.DGBM_B_TestCase_1" time="155.152" errors="0" timestamp="2020-11-27T10:57:51 IST" skipped="0">
  <testcase classname="Factile_Mode.DGBM_B_TestCase_1" name="TC_1_Verify_Uploaded_Logo_at_Moderater_Gameboard_screen" time="155.152"/>
</testsuite> <!-- Factile_Mode.DGBM_B_TestCase_1 -->
