<?xml version="1.0" encoding="UTF-8"?>
<!-- Generated by org.testng.reporters.JUnitReportReporter -->
<testsuite hostname="DESKTOP-HKE6JL3" failures="0" tests="1" name="Factile_Mode.DGBP_HSB_TestCase_52" time="274.457" errors="0" timestamp="2021-02-05T12:32:41 IST" skipped="0">
  <testcase classname="Factile_Mode.DGBP_HSB_TestCase_52" name="TC_52_Verify_Final_factile_Answer_submitted_by_Captain" time="274.457"/>
</testsuite> <!-- Factile_Mode.DGBP_HSB_TestCase_52 -->
