<?xml version="1.0" encoding="UTF-8"?>
<!-- Generated by org.testng.reporters.JUnitReportReporter -->
<testsuite hostname="DESKTOP-HKE6JL3" failures="0" tests="1" name="Factile_Mode.DGBP_HSB_TestCase_20" time="131.528" errors="0" timestamp="2021-01-25T13:12:42 IST" skipped="0">
  <testcase classname="Factile_Mode.DGBP_HSB_TestCase_20" name="TC_20_Verify_Double_Double" time="131.528"/>
</testsuite> <!-- Factile_Mode.DGBP_HSB_TestCase_20 -->
