<?xml version="1.0" encoding="UTF-8"?>
<!-- Generated by org.testng.reporters.JUnitReportReporter -->
<testsuite hostname="DESKTOP-NLMSAMV" failures="0" tests="1" name="Factile_Mode_v3.HeaderMenuInPaidAccount" time="8.161" errors="0" timestamp="2023-04-13T16:39:45 IST" skipped="0">
  <testcase classname="Factile_Mode_v3.HeaderMenuInPaidAccount" name="Fetching_Header_menu_From_FreeAccount" time="8.161"/>
</testsuite> <!-- Factile_Mode_v3.HeaderMenuInPaidAccount -->
