<?xml version="1.0" encoding="UTF-8"?>
<!-- Generated by org.testng.reporters.JUnitReportReporter -->
<testsuite hostname="DESKTOP-NLMSAMV" failures="0" tests="1" name="Factile_Mode_v3.PlayAsNumberedTilesInsteadOfJeopardyStyleChecked" time="76.927" errors="0" timestamp="2023-05-02T13:52:55 IST" skipped="0">
  <testcase classname="Factile_Mode_v3.PlayAsNumberedTilesInsteadOfJeopardyStyleChecked" name="PlayAsNumberedTiles_Instead_Of_JeopardyStyle_checked_At_Global_Settings" time="76.927"/>
  <system-out/>
</testsuite> <!-- Factile_Mode_v3.PlayAsNumberedTilesInsteadOfJeopardyStyleChecked -->
