<?xml version="1.0" encoding="UTF-8"?>
<!-- Generated by org.testng.reporters.JUnitReportReporter -->
<testsuite hostname="DESKTOP-HKE6JL3" failures="0" tests="1" name="Factile_Mode_v3.HeaderMenuInFreeAccount" time="3.510" errors="0" timestamp="2021-05-21T18:45:24 IST" skipped="0">
  <testcase classname="Factile_Mode_v3.HeaderMenuInFreeAccount" name="Fetching_Header_menus_From_Paid_Account" time="3.510"/>
</testsuite> <!-- Factile_Mode_v3.HeaderMenuInFreeAccount -->
