<?xml version="1.0" encoding="UTF-8"?>
<!-- Generated by org.testng.reporters.JUnitReportReporter -->
<testsuite hostname="DESKTOP-HKE6JL3" failures="0" tests="1" name="Factile_Mode.DGBP_HSB_TestCase_50" time="310.868" errors="0" timestamp="2021-02-04T20:16:05 IST" skipped="0">
  <testcase classname="Factile_Mode.DGBP_HSB_TestCase_50" name="TC_49_Verify_Final_factile_Answer_text_box_with_numbers" time="310.868"/>
</testsuite> <!-- Factile_Mode.DGBP_HSB_TestCase_50 -->
