<?xml version="1.0" encoding="UTF-8"?>
<!-- Generated by org.testng.reporters.JUnitReportReporter -->
<testsuite hostname="DESKTOP-47CP8AH" failures="0" tests="2" name="Factile_Mode_v3.Sign_UP" time="27.839" errors="0" timestamp="2022-10-18T11:54:52 IST" skipped="0">
  <testcase classname="Factile_Mode_v3.Sign_UP" name="SignUP_Verify" time="17.132"/>
  <testcase classname="Factile_Mode_v3.Sign_UP" name="delete_Account" time="10.707"/>
</testsuite> <!-- Factile_Mode_v3.Sign_UP -->
