<?xml version="1.0" encoding="UTF-8"?>
<!-- Generated by org.testng.reporters.JUnitReportReporter -->
<testsuite hostname="DESKTOP-HKE6JL3" failures="0" tests="1" name="Factile_Mode.DGBP_HSB_TestCase_45" time="265.998" errors="0" timestamp="2021-02-03T20:19:24 IST" skipped="0">
  <testcase classname="Factile_Mode.DGBP_HSB_TestCase_45" name="TC_45_Verify_Skip_wager_by_modrator" time="265.998"/>
</testsuite> <!-- Factile_Mode.DGBP_HSB_TestCase_45 -->
