<?xml version="1.0" encoding="UTF-8"?>
<!-- Generated by org.testng.reporters.JUnitReportReporter -->
<testsuite hostname="DESKTOP-6099FGM" failures="0" tests="1" name="Play_Now.DGBP_HSB_TestCase5" time="117.847" errors="0" timestamp="2020-11-02T12:03:13 IST" skipped="0">
  <testcase classname="Play_Now.DGBP_HSB_TestCase5" name="Verify_Exact_Case" time="117.847"/>
</testsuite> <!-- Play_Now.DGBP_HSB_TestCase5 -->
