<?xml version="1.0" encoding="UTF-8"?>
<!-- Generated by org.testng.reporters.JUnitReportReporter -->
<testsuite hostname="DESKTOP-NLMSAMV" failures="0" tests="1" name="Factile_Mode_v3.HeaderMenuInPaidAccount" time="7.129" errors="0" timestamp="2023-05-02T13:48:08 IST" skipped="0">
  <testcase classname="Factile_Mode_v3.HeaderMenuInPaidAccount" name="Fetching_Header_menu_From_FreeAccount" time="7.129"/>
  <system-out/>
</testsuite> <!-- Factile_Mode_v3.HeaderMenuInPaidAccount -->
