<?xml version="1.0" encoding="UTF-8"?>
<!-- Generated by org.testng.reporters.JUnitReportReporter -->
<testsuite hostname="DESKTOP-HKE6JL3" failures="0" tests="1" name="Factile_Mode.DGBP_HSB_TestCase_24" time="533.934" errors="0" timestamp="2020-12-22T12:53:51 IST" skipped="0">
  <testcase classname="Factile_Mode.DGBP_HSB_TestCase_24" name="TC_24_Allow_Multiple_Team_to_answer_When_checked" time="533.934"/>
</testsuite> <!-- Factile_Mode.DGBP_HSB_TestCase_24 -->
