<?xml version="1.0" encoding="UTF-8"?>
<!-- Generated by org.testng.reporters.JUnitReportReporter -->
<testsuite hostname="DESKTOP-NLMSAMV" failures="0" tests="1" name="Factile_Mode_v3.ShowSkipQuestionButton" time="94.461" errors="0" timestamp="2023-04-26T14:56:15 IST" skipped="0">
  <testcase classname="Factile_Mode_v3.ShowSkipQuestionButton" name="Show_Skip_Question_Button_Checked_At_Global_Settings" time="94.461"/>
</testsuite> <!-- Factile_Mode_v3.ShowSkipQuestionButton -->
