<?xml version="1.0" encoding="UTF-8"?>
<!-- Generated by org.testng.reporters.JUnitReportReporter -->
<testsuite hostname="DESKTOP-HKE6JL3" failures="0" tests="1" name="Factile_Mode.DGBP_HSB_TestCase_31" time="617.882" errors="0" timestamp="2021-01-06T12:43:17 IST" skipped="0">
  <testcase classname="Factile_Mode.DGBP_HSB_TestCase_31" name="TC_31_Enter_Final_Factile_Answer" time="617.882"/>
</testsuite> <!-- Factile_Mode.DGBP_HSB_TestCase_31 -->
