<?xml version="1.0" encoding="UTF-8"?>
<!-- Generated by org.testng.reporters.JUnitReportReporter -->
<testsuite hostname="DESKTOP-HKE6JL3" failures="0" tests="1" name="Factile_Mode.DGBP_HSB_TestCase_12" time="244.168" errors="0" timestamp="2020-12-08T12:28:48 IST" skipped="0">
  <testcase classname="Factile_Mode.DGBP_HSB_TestCase_12" name="TC_12_Verify_Turn_of_Tag_Name_when_checked_At_Global_Settings" time="244.168"/>
</testsuite> <!-- Factile_Mode.DGBP_HSB_TestCase_12 -->
