<?xml version="1.0" encoding="UTF-8"?>
<!-- Generated by org.testng.reporters.JUnitReportReporter -->
<testsuite hostname="DESKTOP-HKE6JL3" failures="0" tests="1" name="Factile_Mode.DGBP_B_TestCase_2" time="151.978" errors="0" timestamp="2020-11-25T23:43:32 IST" skipped="0">
  <testcase classname="Factile_Mode.DGBP_B_TestCase_2" name="TC_2_Verify_Uploaded_Mascot_at_Player_screen" time="151.978"/>
</testsuite> <!-- Factile_Mode.DGBP_B_TestCase_2 -->
