<?xml version="1.0" encoding="UTF-8"?>
<!-- Generated by org.testng.reporters.JUnitReportReporter -->
<testsuite hostname="DESKTOP-HKE6JL3" failures="0" tests="1" name="Factile_Mode.DGBP_HSB_TestCase_22" time="425.359" errors="0" timestamp="2020-12-03T18:41:56 IST" skipped="0">
  <testcase classname="Factile_Mode.DGBP_HSB_TestCase_22" name="TC_10_Verify_Skip_Final_Factile" time="425.359"/>
</testsuite> <!-- Factile_Mode.DGBP_HSB_TestCase_22 -->
