<?xml version="1.0" encoding="UTF-8"?>
<!-- Generated by org.testng.reporters.JUnitReportReporter -->
<testsuite hostname="DESKTOP-HKE6JL3" failures="0" tests="1" name="Factile_Mode_v3.ForgetPassword" time="36.035" errors="0" timestamp="2021-05-20T11:23:04 IST" skipped="0">
  <testcase classname="Factile_Mode_v3.ForgetPassword" name="Forget_Password" time="36.035"/>
</testsuite> <!-- Factile_Mode_v3.ForgetPassword -->
