<?xml version="1.0" encoding="UTF-8"?>
<!-- Generated by org.testng.reporters.JUnitReportReporter -->
<testsuite hostname="DESKTOP-6099FGM" failures="0" tests="1" name="TestCases_Execution.TestCase_2" time="8.895" errors="0" timestamp="24 Oct 2020 11:11:48 GMT" skipped="0">
  <testcase classname="TestCases_Execution.TestCase_2" name="logIn" time="8.895"/>
</testsuite> <!-- TestCases_Execution.TestCase_2 -->
