<?xml version="1.0" encoding="UTF-8"?>
<!-- Generated by org.testng.reporters.JUnitReportReporter -->
<testsuite hostname="DESKTOP-HKE6JL3" failures="0" tests="1" name="Factile_Mode_v3.GoProToSubscriptionBussinessYearlyData_Verify" time="22.652" errors="0" timestamp="2021-08-23T13:44:19 IST" skipped="0">
  <testcase classname="Factile_Mode_v3.GoProToSubscriptionBussinessYearlyData_Verify" name="GoProToBussinessYearlySubscriptionAndNextComingDate" time="22.652"/>
</testsuite> <!-- Factile_Mode_v3.GoProToSubscriptionBussinessYearlyData_Verify -->
