<?xml version="1.0" encoding="UTF-8"?>
<!-- Generated by org.testng.reporters.JUnitReportReporter -->
<testsuite hostname="DESKTOP-HKE6JL3" failures="0" tests="1" name="Factile_Mode.DGBP_HSB_TestCase_37" time="200.679" errors="0" timestamp="2021-01-14T16:37:31 IST" skipped="0">
  <testcase classname="Factile_Mode.DGBP_HSB_TestCase_37" name="TC_37_Verify_Final_Factile_Timer_on" time="200.679"/>
</testsuite> <!-- Factile_Mode.DGBP_HSB_TestCase_37 -->
