<?xml version="1.0" encoding="UTF-8"?>
<!-- Generated by org.testng.reporters.JUnitReportReporter -->
<testsuite hostname="DESKTOP-HKE6JL3" failures="0" tests="1" name="Factile_Mode.DGBP_HSB_TestCase_26" time="563.027" errors="0" timestamp="2020-12-23T19:48:49 IST" skipped="0">
  <testcase classname="Factile_Mode.DGBP_HSB_TestCase_26" name="TC_26_Users_Can_Join_Buzzer_Mode_after_Game_Begins_directlyThroughPin" time="563.027"/>
</testsuite> <!-- Factile_Mode.DGBP_HSB_TestCase_26 -->
