<?xml version="1.0" encoding="UTF-8"?>
<!-- Generated by org.testng.reporters.JUnitReportReporter -->
<testsuite hostname="DESKTOP-47CP8AH" failures="0" tests="1" name="Factile_Mode_v3.FreeAccount_NoOfGameAllowedToCreate" time="111.691" errors="0" timestamp="2022-10-25T12:37:12 IST" skipped="0">
  <testcase classname="Factile_Mode_v3.FreeAccount_NoOfGameAllowedToCreate" name="NoOfGamesCreationInFreeAccount_Verify" time="111.691"/>
</testsuite> <!-- Factile_Mode_v3.FreeAccount_NoOfGameAllowedToCreate -->
