<?xml version="1.0" encoding="UTF-8"?>
<!-- Generated by org.testng.reporters.JUnitReportReporter -->
<testsuite hostname="DESKTOP-HKE6JL3" failures="0" tests="1" name="Factile_Mode_v3.Log_In" time="0.398" errors="0" timestamp="2021-05-05T10:51:59 IST" skipped="0">
  <testcase classname="Factile_Mode_v3.Log_In" name="Log_in" time="0.398"/>
</testsuite> <!-- Factile_Mode_v3.Log_In -->
