<?xml version="1.0" encoding="UTF-8"?>
<!-- Generated by org.testng.reporters.JUnitReportReporter -->
<testsuite hostname="DESKTOP-HKE6JL3" failures="0" tests="1" name="Factile_Mode_v3.totalHeaderMenuInPaidAccount" time="3.459" errors="0" timestamp="2021-05-13T18:27:14 IST" skipped="0">
  <testcase classname="Factile_Mode_v3.totalHeaderMenuInPaidAccount" name="Getting_Header_menu_From_FreeAccount" time="3.459"/>
</testsuite> <!-- Factile_Mode_v3.totalHeaderMenuInPaidAccount -->
