<?xml version="1.0" encoding="UTF-8"?>
<!-- Generated by org.testng.reporters.JUnitReportReporter -->
<testsuite hostname="DESKTOP-HKE6JL3" failures="0" tests="1" name="Factile_Mode.DGBP_HSB_TestCase_13" time="76.531" errors="0" timestamp="2020-11-13T17:27:51 IST" skipped="0">
  <testcase classname="Factile_Mode.DGBP_HSB_TestCase_13" name="TC_13_Verify_Play_as_Jeopardy_Style" time="76.531"/>
</testsuite> <!-- Factile_Mode.DGBP_HSB_TestCase_13 -->
