<?xml version="1.0" encoding="UTF-8"?>
<!-- Generated by org.testng.reporters.JUnitReportReporter -->
<testsuite hostname="DESKTOP-NLMSAMV" failures="0" tests="1" name="Factile_Mode_v3.GoProToSubscriptionBussinessMonthlyData_Verify" time="54.743" errors="0" timestamp="2023-03-30T16:01:48 IST" skipped="0">
  <testcase classname="Factile_Mode_v3.GoProToSubscriptionBussinessMonthlyData_Verify" name="GoProTBussinessMonthlySubscriptionAndNextComingDate" time="54.743"/>
</testsuite> <!-- Factile_Mode_v3.GoProToSubscriptionBussinessMonthlyData_Verify -->
