<?xml version="1.0" encoding="UTF-8"?>
<!-- Generated by org.testng.reporters.JUnitReportReporter -->
<testsuite hostname="DESKTOP-6099FGM" failures="0" tests="1" name="Play_Now.DGBP_HSB_TestCase_5" time="130.500" errors="0" timestamp="2020-11-03T17:18:13 IST" skipped="0">
  <testcase classname="Play_Now.DGBP_HSB_TestCase_5" name="Verify_Show_Social_Media_on_Gameboard" time="130.500"/>
</testsuite> <!-- Play_Now.DGBP_HSB_TestCase_5 -->
