<?xml version="1.0" encoding="UTF-8"?>
<!-- Generated by org.testng.reporters.JUnitReportReporter -->
<testsuite hostname="DESKTOP-47CP8AH" failures="0" tests="1" name="Factile_Mode_v3.PageNotFound_Links_at_HomePage" time="142.115" errors="0" timestamp="2022-10-17T13:27:06 IST" skipped="0">
  <testcase classname="Factile_Mode_v3.PageNotFound_Links_at_HomePage" name="PageNotFoundLinksAtHomePage" time="142.115"/>
</testsuite> <!-- Factile_Mode_v3.PageNotFound_Links_at_HomePage -->
