<?xml version="1.0" encoding="UTF-8"?>
<!-- Generated by org.testng.reporters.JUnitReportReporter -->
<testsuite hostname="DESKTOP-6099FGM" failures="0" tests="1" name="Play_Now.test" time="16.768" errors="0" timestamp="2020-10-30T11:59:14 IST" skipped="0">
  <testcase classname="Play_Now.test" name="Verify_Show_Social_Media_on_Gameboard_If_Unchecked" time="16.768"/>
</testsuite> <!-- Play_Now.test -->
