<?xml version="1.0" encoding="UTF-8"?>
<!-- Generated by org.testng.reporters.JUnitReportReporter -->
<testsuite hostname="DESKTOP-NLMSAMV" failures="0" tests="1" name="Factile_Mode_v3.ForgetPassword" time="26.641" errors="0" timestamp="2023-04-11T13:38:48 IST" skipped="0">
  <testcase classname="Factile_Mode_v3.ForgetPassword" name="Forget_Password" time="26.641"/>
</testsuite> <!-- Factile_Mode_v3.ForgetPassword -->
