<?xml version="1.0" encoding="UTF-8"?>
<!-- Generated by org.testng.reporters.JUnitReportReporter -->
<testsuite hostname="DESKTOP-47CP8AH" failures="0" tests="1" name="Factile_Mode_v3.Support_Form" time="21.684" errors="0" timestamp="2022-10-25T13:36:43 IST" skipped="0">
  <testcase classname="Factile_Mode_v3.Support_Form" name="Support_Form_Verify" time="21.684"/>
</testsuite> <!-- Factile_Mode_v3.Support_Form -->
