<?xml version="1.0" encoding="UTF-8"?>
<!-- Generated by org.testng.reporters.JUnitReportReporter -->
<testsuite hostname="DESKTOP-NLMSAMV" failures="0" tests="1" name="Factile_Mode_v3.TwoFactorAuthentication" time="40.858" errors="0" timestamp="2023-05-18T16:58:44 IST" skipped="0">
  <testcase classname="Factile_Mode_v3.TwoFactorAuthentication" name="Two_Factor_Authentication" time="40.858"/>
  <system-out/>
</testsuite> <!-- Factile_Mode_v3.TwoFactorAuthentication -->
