<?xml version="1.0" encoding="UTF-8"?>
<!-- Generated by org.testng.reporters.JUnitReportReporter -->
<testsuite skipped="0" hostname="DESKTOP-6099FGM" name="TestCases_Execution.TestCase_3" tests="1" failures="0" timestamp="20 Oct 2020 06:11:48 GMT" time="9.007" errors="0">
  <testcase name="CheckInfo" time="9.007" classname="TestCases_Execution.TestCase_3"/>
</testsuite> <!-- TestCases_Execution.TestCase_3 -->
