<?xml version="1.0" encoding="UTF-8"?>
<!-- Generated by org.testng.reporters.JUnitReportReporter -->
<testsuite hostname="DESKTOP-47CP8AH" failures="0" tests="1" name="Factile_Mode_v3.HeaderMenuInPaidAccount" time="67.450" errors="0" timestamp="2022-10-25T14:22:40 IST" skipped="0">
  <testcase classname="Factile_Mode_v3.HeaderMenuInPaidAccount" name="Fetching_Header_menu_From_FreeAccount" time="67.450"/>
</testsuite> <!-- Factile_Mode_v3.HeaderMenuInPaidAccount -->
