<?xml version="1.0" encoding="UTF-8"?>
<!-- Generated by org.testng.reporters.JUnitReportReporter -->
<testsuite hostname="DESKTOP-47CP8AH" failures="0" tests="1" name="Factile_Mode_v3.Log_In" time="4.251" errors="0" timestamp="2022-10-26T17:42:20 IST" skipped="0">
  <testcase classname="Factile_Mode_v3.Log_In" name="Log_in" time="4.251"/>
</testsuite> <!-- Factile_Mode_v3.Log_In -->
