<?xml version="1.0" encoding="UTF-8"?>
<!-- Generated by org.testng.reporters.JUnitReportReporter -->
<testsuite hostname="DESKTOP-HKE6JL3" failures="0" tests="1" name="Factile_Mode.DGBP_HSB_TestCase_4" time="72.906" errors="0" timestamp="2020-11-26T22:55:00 IST" skipped="0">
  <testcase classname="Factile_Mode.DGBP_HSB_TestCase_4" name="TC_4_Verify_Show_Social_Media_on_Gameboard" time="72.906"/>
</testsuite> <!-- Factile_Mode.DGBP_HSB_TestCase_4 -->
