<?xml version="1.0" encoding="UTF-8"?>
<!-- Generated by org.testng.reporters.JUnitReportReporter -->
<testsuite hostname="DESKTOP-HKE6JL3" failures="0" tests="1" name="Factile_Mode_v3.Sign_Out" time="11.657" errors="0" timestamp="2021-07-16T12:23:03 IST" skipped="0">
  <testcase classname="Factile_Mode_v3.Sign_Out" name="Sign_Out" time="11.657"/>
</testsuite> <!-- Factile_Mode_v3.Sign_Out -->
