<?xml version="1.0" encoding="UTF-8"?>
<!-- Generated by org.testng.reporters.JUnitReportReporter -->
<testsuite hostname="DESKTOP-47CP8AH" failures="0" tests="1" name="Factile_Mode_v3.NumberOfGameAllowedToCreate_IN_FreeAccount" time="106.406" errors="0" timestamp="2022-10-26T17:42:20 IST" skipped="0">
  <testcase classname="Factile_Mode_v3.NumberOfGameAllowedToCreate_IN_FreeAccount" name="NoOfGamesCreationInFreeAccount_Verify" time="106.406"/>
</testsuite> <!-- Factile_Mode_v3.NumberOfGameAllowedToCreate_IN_FreeAccount -->
