<?xml version="1.0" encoding="UTF-8"?>
<!-- Generated by org.testng.reporters.JUnitReportReporter -->
<testsuite hostname="DESKTOP-HKE6JL3" failures="0" tests="1" name="Factile_Mode.DGBP_HSB_TestCase_37" time="212.496" errors="0" timestamp="2021-01-26T19:50:49 IST" skipped="0">
  <testcase classname="Factile_Mode.DGBP_HSB_TestCase_37" name="TC_37_Verify_Final_Factile_Timer_on" time="212.496"/>
</testsuite> <!-- Factile_Mode.DGBP_HSB_TestCase_37 -->
