<?xml version="1.0" encoding="UTF-8"?>
<!-- Generated by org.testng.reporters.JUnitReportReporter -->
<testsuite hostname="DESKTOP-HKE6JL3" failures="0" tests="1" name="Factile_Mode.DGBP_HSB_TestCase_23" time="496.321" errors="0" timestamp="2020-12-11T14:48:33 IST" skipped="0">
  <testcase classname="Factile_Mode.DGBP_HSB_TestCase_23" name="TC_23_Verify_Display_Answer_Before_question" time="496.321"/>
</testsuite> <!-- Factile_Mode.DGBP_HSB_TestCase_23 -->
