<?xml version="1.0" encoding="UTF-8"?>
<!-- Generated by org.testng.reporters.JUnitReportReporter -->
<testsuite hostname="DESKTOP-HKE6JL3" failures="0" tests="1" name="Factile_Mode.DGBP_HSB_TestCase_16" time="101.804" errors="0" timestamp="2020-11-27T11:35:35 IST" skipped="0">
  <testcase classname="Factile_Mode.DGBP_HSB_TestCase_16" name="TC_16_Verify_Game_Point_Symbol_$_After" time="101.804"/>
</testsuite> <!-- Factile_Mode.DGBP_HSB_TestCase_16 -->
