<?xml version="1.0" encoding="UTF-8"?>
<!-- Generated by org.testng.reporters.JUnitReportReporter -->
<testsuite hostname="DESKTOP-HKE6JL3" failures="0" tests="1" name="Factile_Mode.DGBP_HSB_TestCase_21" time="123.443" errors="0" timestamp="2020-12-09T16:48:17 IST" skipped="0">
  <testcase classname="Factile_Mode.DGBP_HSB_TestCase_21" name="TC_21_Verify_Skip_question_Button_At_Moderater" time="123.443"/>
</testsuite> <!-- Factile_Mode.DGBP_HSB_TestCase_21 -->
