<?xml version="1.0" encoding="UTF-8"?>
<!-- Generated by org.testng.reporters.JUnitReportReporter -->
<testsuite hostname="DESKTOP-47CP8AH" failures="0" tests="2" name="Factile_Mode_v3.Sign_UP" time="28.505" errors="0" timestamp="2022-10-26T17:42:20 IST" skipped="0">
  <testcase classname="Factile_Mode_v3.Sign_UP" name="SignUP_Verify" time="18.005"/>
  <testcase classname="Factile_Mode_v3.Sign_UP" name="delete_Account" time="10.500"/>
</testsuite> <!-- Factile_Mode_v3.Sign_UP -->
