<?xml version="1.0" encoding="UTF-8"?>
<!-- Generated by org.testng.reporters.JUnitReportReporter -->
<testsuite hostname="DESKTOP-NLMSAMV" failures="0" tests="1" name="Factile_Mode_v3.TwoFactorAuthentication" time="38.355" errors="0" timestamp="2023-04-11T13:38:48 IST" skipped="0">
  <testcase classname="Factile_Mode_v3.TwoFactorAuthentication" name="Two_Factor_Authentication" time="38.355"/>
</testsuite> <!-- Factile_Mode_v3.TwoFactorAuthentication -->
