<?xml version="1.0" encoding="UTF-8"?>
<!-- Generated by org.testng.reporters.JUnitReportReporter -->
<testsuite hostname="DESKTOP-47CP8AH" failures="0" tests="1" name="Factile_Mode_v3.ForgetPassword" time="37.790" errors="0" timestamp="2022-10-17T13:16:11 IST" skipped="0">
  <testcase classname="Factile_Mode_v3.ForgetPassword" name="Forget_Password" time="37.790"/>
</testsuite> <!-- Factile_Mode_v3.ForgetPassword -->
