<?xml version="1.0" encoding="UTF-8"?>
<!-- Generated by org.testng.reporters.JUnitReportReporter -->
<testsuite hostname="DESKTOP-HKE6JL3" failures="0" tests="1" name="Factile_Mode.DGB_B_TestCase_21" time="151.299" errors="0" timestamp="2020-11-30T13:56:12 IST" skipped="0">
  <testcase classname="Factile_Mode.DGB_B_TestCase_21" name="TC_1_Verify_Uploaded_Logo_at_Moderater_Gameboard_screen" time="151.299"/>
</testsuite> <!-- Factile_Mode.DGB_B_TestCase_21 -->
