<?xml version="1.0" encoding="UTF-8"?>
<!-- Generated by org.testng.reporters.JUnitReportReporter -->
<testsuite skipped="0" hostname="DESKTOP-6099FGM" name="TestCases_Execution.TestCase_6" tests="1" failures="0" timestamp="22 Oct 2020 09:18:35 GMT" time="75.329" errors="0">
  <testcase name="VerifyJoinPin" time="75.329" classname="TestCases_Execution.TestCase_6"/>
</testsuite> <!-- TestCases_Execution.TestCase_6 -->
