<?xml version="1.0" encoding="UTF-8"?>
<!-- Generated by org.testng.reporters.JUnitReportReporter -->
<testsuite hostname="DESKTOP-NLMSAMV" failures="0" tests="2" name="Factile_Mode_v3.Sign_UP" time="27.880" errors="0" timestamp="2023-04-12T17:40:52 IST" skipped="0">
  <testcase classname="Factile_Mode_v3.Sign_UP" name="SignUP_Verify" time="17.248"/>
  <testcase classname="Factile_Mode_v3.Sign_UP" name="delete_Account" time="10.632"/>
</testsuite> <!-- Factile_Mode_v3.Sign_UP -->
