<?xml version="1.0" encoding="UTF-8"?>
<!-- Generated by org.testng.reporters.JUnitReportReporter -->
<testsuite hostname="DESKTOP-HKE6JL3" failures="0" tests="1" name="Factile_Mode.DGBP_HSB_TestCase_38" time="242.358" errors="0" timestamp="2021-02-09T15:25:01 IST" skipped="0">
  <testcase classname="Factile_Mode.DGBP_HSB_TestCase_38" name="TC_38_Verify_Automatically_Mark_incorrect_answer_upon_timeout" time="242.358"/>
</testsuite> <!-- Factile_Mode.DGBP_HSB_TestCase_38 -->
