<?xml version="1.0" encoding="UTF-8"?>
<!-- Generated by org.testng.reporters.JUnitReportReporter -->
<testsuite hostname="DESKTOP-6099FGM" failures="0" tests="1" name="Play_Now.DGBP_B_TestCase_1" time="252.676" errors="0" timestamp="28 Oct 2020 06:29:06 GMT" skipped="0">
  <testcase classname="Play_Now.DGBP_B_TestCase_1" name="Verify_Uploaded_Mascot_at_Player_screen" time="252.676"/>
</testsuite> <!-- Play_Now.DGBP_B_TestCase_1 -->
