<?xml version="1.0" encoding="UTF-8"?>
<!-- Generated by org.testng.reporters.JUnitReportReporter -->
<testsuite hostname="DESKTOP-HKE6JL3" failures="0" tests="1" name="Factile_Mode.DGBP_HSB_TestCase_53" time="275.370" errors="0" timestamp="2021-04-06T12:57:53 IST" skipped="0">
  <testcase classname="Factile_Mode.DGBP_HSB_TestCase_53" name="TC_53_Verify_Final_factile_Answer_submitted_by_Team_Member" time="275.370"/>
</testsuite> <!-- Factile_Mode.DGBP_HSB_TestCase_53 -->
