<?xml version="1.0" encoding="UTF-8"?>
<!-- Generated by org.testng.reporters.JUnitReportReporter -->
<testsuite hostname="DESKTOP-NLMSAMV" failures="0" tests="1" name="Factile_Mode_v3.TutorMode" time="325.118" errors="0" timestamp="2023-04-25T15:57:36 IST" skipped="0">
  <testcase classname="Factile_Mode_v3.TutorMode" name="Tutor_Mode_checked_At_Global_Settings" time="325.118"/>
</testsuite> <!-- Factile_Mode_v3.TutorMode -->
