<?xml version="1.0" encoding="UTF-8"?>
<!-- Generated by org.testng.reporters.JUnitReportReporter -->
<testsuite hostname="DESKTOP-NLMSAMV" failures="0" tests="1" name="Factile_Mode_v3.PageNotFound_Links_at_HomePage" time="258.834" errors="0" timestamp="2023-03-30T16:14:50 IST" skipped="0">
  <testcase classname="Factile_Mode_v3.PageNotFound_Links_at_HomePage" name="PageNotFoundLinksAtHomePage" time="258.834"/>
</testsuite> <!-- Factile_Mode_v3.PageNotFound_Links_at_HomePage -->
