<?xml version="1.0" encoding="UTF-8"?>
<!-- Generated by org.testng.reporters.JUnitReportReporter -->
<testsuite hostname="DESKTOP-47CP8AH" failures="0" tests="1" name="Factile_Mode_v3.TwoFactorAuthentication" time="52.355" errors="0" timestamp="2022-10-26T14:31:10 IST" skipped="0">
  <testcase classname="Factile_Mode_v3.TwoFactorAuthentication" name="Two_Factor_Authentication" time="52.355"/>
</testsuite> <!-- Factile_Mode_v3.TwoFactorAuthentication -->
