<?xml version="1.0" encoding="UTF-8"?>
<!-- Generated by org.testng.reporters.JUnitReportReporter -->
<testsuite hostname="DESKTOP-NLMSAMV" failures="0" tests="1" name="Factile_Mode_v3.Support_Form" time="16.677" errors="0" timestamp="2023-04-21T17:26:19 IST" skipped="0">
  <testcase classname="Factile_Mode_v3.Support_Form" name="Support_Form_Verify" time="16.677"/>
</testsuite> <!-- Factile_Mode_v3.Support_Form -->
