<?xml version="1.0" encoding="UTF-8"?>
<!-- Generated by org.testng.reporters.JUnitReportReporter -->
<testsuite hostname="DESKTOP-HKE6JL3" failures="0" tests="1" name="Factile_Mode.DGBP_HSB_TestCase_26" time="668.202" errors="0" timestamp="2021-01-27T11:32:02 IST" skipped="0">
  <testcase classname="Factile_Mode.DGBP_HSB_TestCase_26" name="TC_26_Users_Can_Join_Buzzer_Mode_after_Game_Begins_directly_using_Pin" time="668.202"/>
</testsuite> <!-- Factile_Mode.DGBP_HSB_TestCase_26 -->
