<?xml version="1.0" encoding="UTF-8"?>
<!-- Generated by org.testng.reporters.JUnitReportReporter -->
<testsuite skipped="0" hostname="DESKTOP-6099FGM" name="TestCases_Execution.TestCase_3" tests="1" failures="0" timestamp="19 Oct 2020 15:31:42 GMT" time="18.710" errors="0">
  <testcase name="CheckInfo" time="18.710" classname="TestCases_Execution.TestCase_3"/>
</testsuite> <!-- TestCases_Execution.TestCase_3 -->
